-------------------------------------------------------------------------------
Test set: tek.sdet.framework.runner.TestRunner
-------------------------------------------------------------------------------
Tests run: 22, Failures: 0, Errors: 22, Skipped: 0, Time elapsed: 100.855 s <<< FAILURE! - in tek.sdet.framework.runner.TestRunner
Retail Home Page.Verify Shop by Department sidebar  Time elapsed: 6.114 s  <<< ERROR!
io.cucumber.junit.UndefinedStepException: 
The step 'User is on retail website' is undefined.
You can implement this step using the snippet(s) below:

@Given("User is on retail website")
public void userIsOnRetailWebsite() {
    // Write code here that turns the phrase above into concrete actions
    throw new io.cucumber.java.PendingException();
}


Retail Home Page.Verify department sidebar options #1  Time elapsed: 4.297 s  <<< ERROR!
io.cucumber.junit.UndefinedStepException: 
The step 'User is on retail website' is undefined.
You can implement this step using the snippet(s) below:

@Given("User is on retail website")
public void userIsOnRetailWebsite() {
    // Write code here that turns the phrase above into concrete actions
    throw new io.cucumber.java.PendingException();
}


Retail Home Page.Verify department sidebar options #2  Time elapsed: 3.877 s  <<< ERROR!
io.cucumber.junit.UndefinedStepException: 
The step 'User is on retail website' is undefined.
You can implement this step using the snippet(s) below:

@Given("User is on retail website")
public void userIsOnRetailWebsite() {
    // Write code here that turns the phrase above into concrete actions
    throw new io.cucumber.java.PendingException();
}


Retail Home Page.Verify department sidebar options #3  Time elapsed: 4.215 s  <<< ERROR!
io.cucumber.junit.UndefinedStepException: 
The step 'User is on retail website' is undefined.
You can implement this step using the snippet(s) below:

@Given("User is on retail website")
public void userIsOnRetailWebsite() {
    // Write code here that turns the phrase above into concrete actions
    throw new io.cucumber.java.PendingException();
}


Retail Home Page.Verify department sidebar options #4  Time elapsed: 5.687 s  <<< ERROR!
io.cucumber.junit.UndefinedStepException: 
The step 'User is on retail website' is undefined.
You can implement this step using the snippet(s) below:

@Given("User is on retail website")
public void userIsOnRetailWebsite() {
    // Write code here that turns the phrase above into concrete actions
    throw new io.cucumber.java.PendingException();
}


Retail Home Page.Verify department sidebar options #5  Time elapsed: 4.472 s  <<< ERROR!
io.cucumber.junit.UndefinedStepException: 
The step 'User is on retail website' is undefined.
You can implement this step using the snippet(s) below:

@Given("User is on retail website")
public void userIsOnRetailWebsite() {
    // Write code here that turns the phrase above into concrete actions
    throw new io.cucumber.java.PendingException();
}


Retail Home Page.Verify User can add an item to cart  Time elapsed: 4.283 s  <<< ERROR!
io.cucumber.junit.UndefinedStepException: 
The step 'User is on retail website' is undefined.
You can implement this step using the snippet(s) below:

@Given("User is on retail website")
public void userIsOnRetailWebsite() {
    // Write code here that turns the phrase above into concrete actions
    throw new io.cucumber.java.PendingException();
}


Retail Home Page.Verify User can place an order without Shipping address and payment Method on file  Time elapsed: 4.502 s  <<< ERROR!
io.cucumber.junit.UndefinedStepException: 
The step 'User is on retail website' is undefined.
You can implement this step using the snippet(s) below:

@Given("User is on retail website")
public void userIsOnRetailWebsite() {
    // Write code here that turns the phrase above into concrete actions
    throw new io.cucumber.java.PendingException();
}


Retail Home Page.Verify User can place an order with Shipping address and payment Method on file  Time elapsed: 4.248 s  <<< ERROR!
io.cucumber.junit.UndefinedStepException: 
The step 'User is on retail website' is undefined.
You can implement this step using the snippet(s) below:

@Given("User is on retail website")
public void userIsOnRetailWebsite() {
    // Write code here that turns the phrase above into concrete actions
    throw new io.cucumber.java.PendingException();
}


Retail Account Page.Verify User can update Profile Information  Time elapsed: 4.384 s  <<< ERROR!
io.cucumber.junit.UndefinedStepException: 
The step 'User is on retail website' is undefined.
You can implement this step using the snippet(s) below:

@Given("User is on retail website")
public void userIsOnRetailWebsite() {
    // Write code here that turns the phrase above into concrete actions
    throw new io.cucumber.java.PendingException();
}


Retail Account Page.Verify User can Update password  Time elapsed: 4.088 s  <<< ERROR!
io.cucumber.junit.UndefinedStepException: 
The step 'User is on retail website' and 1 other step(s) are undefined.
You can implement these steps using the snippet(s) below:

@Given("User is on retail website")
public void userIsOnRetailWebsite() {
    // Write code here that turns the phrase above into concrete actions
    throw new io.cucumber.java.PendingException();
}


Retail Account Page.Verify User can add a payment method  Time elapsed: 4.104 s  <<< ERROR!
io.cucumber.junit.UndefinedStepException: 
The step 'User is on retail website' is undefined.
You can implement this step using the snippet(s) below:

@Given("User is on retail website")
public void userIsOnRetailWebsite() {
    // Write code here that turns the phrase above into concrete actions
    throw new io.cucumber.java.PendingException();
}


Retail Account Page.Verify User can edit Debit or Credit card  Time elapsed: 4.337 s  <<< ERROR!
io.cucumber.junit.UndefinedStepException: 
The step 'User is on retail website' is undefined.
You can implement this step using the snippet(s) below:

@Given("User is on retail website")
public void userIsOnRetailWebsite() {
    // Write code here that turns the phrase above into concrete actions
    throw new io.cucumber.java.PendingException();
}


Retail Account Page.Verify User can remove Debit or Credit card  Time elapsed: 4.107 s  <<< ERROR!
io.cucumber.junit.UndefinedStepException: 
The step 'User is on retail website' is undefined.
You can implement this step using the snippet(s) below:

@Given("User is on retail website")
public void userIsOnRetailWebsite() {
    // Write code here that turns the phrase above into concrete actions
    throw new io.cucumber.java.PendingException();
}


Retail Account Page.Verify User can add an Address  Time elapsed: 4.156 s  <<< ERROR!
io.cucumber.junit.UndefinedStepException: 
The step 'User is on retail website' is undefined.
You can implement this step using the snippet(s) below:

@Given("User is on retail website")
public void userIsOnRetailWebsite() {
    // Write code here that turns the phrase above into concrete actions
    throw new io.cucumber.java.PendingException();
}


Retail Account Page.Verify User can edit an Address added on account  Time elapsed: 4.217 s  <<< ERROR!
io.cucumber.junit.UndefinedStepException: 
The step 'User is on retail website' is undefined.
You can implement this step using the snippet(s) below:

@Given("User is on retail website")
public void userIsOnRetailWebsite() {
    // Write code here that turns the phrase above into concrete actions
    throw new io.cucumber.java.PendingException();
}


Retail Account Page.Verify User can remove Address from Account  Time elapsed: 4.776 s  <<< ERROR!
io.cucumber.junit.UndefinedStepException: 
The step 'User is on retail website' is undefined.
You can implement this step using the snippet(s) below:

@Given("User is on retail website")
public void userIsOnRetailWebsite() {
    // Write code here that turns the phrase above into concrete actions
    throw new io.cucumber.java.PendingException();
}


Retail Order Page.Verify User can cancel the order  Time elapsed: 5.429 s  <<< ERROR!
io.cucumber.junit.UndefinedStepException: 
The step 'User is on retail website' is undefined.
You can implement this step using the snippet(s) below:

@Given("User is on retail website")
public void userIsOnRetailWebsite() {
    // Write code here that turns the phrase above into concrete actions
    throw new io.cucumber.java.PendingException();
}


Retail Order Page.Verify User can Return the order  Time elapsed: 5.21 s  <<< ERROR!
io.cucumber.junit.UndefinedStepException: 
The step 'User is on retail website' is undefined.
You can implement this step using the snippet(s) below:

@Given("User is on retail website")
public void userIsOnRetailWebsite() {
    // Write code here that turns the phrase above into concrete actions
    throw new io.cucumber.java.PendingException();
}


Retail Order Page.Verify User can write a review on order placed  Time elapsed: 4.154 s  <<< ERROR!
io.cucumber.junit.UndefinedStepException: 
The step 'User is on retail website' is undefined.
You can implement this step using the snippet(s) below:

@Given("User is on retail website")
public void userIsOnRetailWebsite() {
    // Write code here that turns the phrase above into concrete actions
    throw new io.cucumber.java.PendingException();
}


Sign in Feature.Verify user can sign in into Retail Application  Time elapsed: 4.363 s  <<< ERROR!
io.cucumber.junit.UndefinedStepException: 
The step 'User is on retail website' is undefined.
You can implement this step using the snippet(s) below:

@Given("User is on retail website")
public void userIsOnRetailWebsite() {
    // Write code here that turns the phrase above into concrete actions
    throw new io.cucumber.java.PendingException();
}


Sign in Feature.Verify user can create an acount into Retail website  Time elapsed: 4.702 s  <<< ERROR!
io.cucumber.junit.UndefinedStepException: 
The step 'User is on retail website' is undefined.
You can implement this step using the snippet(s) below:

@Given("User is on retail website")
public void userIsOnRetailWebsite() {
    // Write code here that turns the phrase above into concrete actions
    throw new io.cucumber.java.PendingException();
}


