<?xml version="1.0" encoding="UTF-8"?>
<testsuite xmlns:xsi="http://www.w3.org/2001/XMLSchema-instance" xsi:noNamespaceSchemaLocation="https://maven.apache.org/surefire/maven-surefire-plugin/xsd/surefire-test-report-3.0.xsd" version="3.0" name="tek.sdet.framework.runner.TestRunner" time="364.724" tests="25" errors="7" skipped="0" failures="0">
  <properties>
[...]
</properties>
  <testcase name="Verify user can search a product" classname="Retail Home Page" time="10.711">
    <system-out><![CDATA[
@smokeTest
Scenario: Verify user can search a product # features/Home.feature:4
 INFO [main] (HomeSteps.java:24)- user is on retail website
 INFO [main] (HomeSteps.java:25)- Actual Title React App Equals  ExpectedTitle React App
  Given User is on retail website          # tek.sdet.framework.steps.HomeSteps.userIsOnRetailWebsite()
 INFO [main] (HomeSteps.java:33)- user searched for product pokemon
  When User search for "pokemon" product   # tek.sdet.framework.steps.HomeSteps.userSearchForProduct(java.lang.String)
 INFO [main] (HomeSteps.java:39)- the Product is displayed on home page
  Then The product should be displayed     # tek.sdet.framework.steps.HomeSteps.theProductShouldBeDisplayed()
]]></system-out>
    <system-err><![CDATA[SLF4J: No SLF4J providers were found.
SLF4J: Defaulting to no-operation (NOP) logger implementation
SLF4J: See https://www.slf4j.org/codes.html#noProviders for further details.
ERROR StatusLogger Log4j2 could not find a logging implementation. Please add log4j-core to the classpath. Using SimpleLogger to log to the console...
Starting ChromeDriver 111.0.5563.64 (c710e93d5b63b7095afe8c2c17df34408078439d-refs/branch-heads/5563@{#995}) on port 59177
Only local connections are allowed.
Please see https://chromedriver.chromium.org/security-considerations for suggestions on keeping ChromeDriver safe.
ChromeDriver was started successfully.
Mar 13, 2023 3:49:04 PM org.openqa.selenium.remote.ProtocolHandshake createSession
INFO: Detected upstream dialect: W3C
Mar 13, 2023 3:49:04 PM org.openqa.selenium.devtools.CdpVersionFinder findNearestMatch
WARNING: Unable to find an exact match for CDP version 111, so returning the closest version found: a no-op implementation
Mar 13, 2023 3:49:04 PM org.openqa.selenium.devtools.CdpVersionFinder findNearestMatch
INFO: Unable to find CDP implementation matching 111.
Mar 13, 2023 3:49:04 PM org.openqa.selenium.chromium.ChromiumDriver lambda$new$3
WARNING: Unable to find version of CDP to use for . You may need to include a dependency on a specific version of the CDP using something similar to `org.seleniumhq.selenium:selenium-devtools-v86:4.4.0` where the version ("v86") matches the version of the chromium-based browser you're using and the version number of the artifact is the same as Selenium's.
]]></system-err>
  </testcase>
  <testcase name="Verify Shop by Department sidebar" classname="Retail Home Page" time="9.78">
    <system-out><![CDATA[
@smokeTest
Scenario: Verify Shop by Department sidebar                    # features/Home.feature:9
 INFO [main] (HomeSteps.java:24)- user is on retail website
 INFO [main] (HomeSteps.java:25)- Actual Title React App Equals  ExpectedTitle React App
  Given User is on retail website                              # tek.sdet.framework.steps.HomeSteps.userIsOnRetailWebsite()
 INFO [main] (HomeSteps.java:46)- User clicked on All section
  When User click on All section                               # tek.sdet.framework.steps.HomeSteps.userClickOnAllSection()
 INFO [main] (HomeSteps.java:57)- Electronicsis equal to Electronics
 INFO [main] (HomeSteps.java:57)- Computersis equal to Computers
 INFO [main] (HomeSteps.java:57)- Smart Homeis equal to Smart Home
 INFO [main] (HomeSteps.java:57)- Sportsis equal to Sports
 INFO [main] (HomeSteps.java:57)- Automativeis equal to Automative
  Then below options are present in Shop by Department sidebar # tek.sdet.framework.steps.HomeSteps.belowOptionsArePresentInShopByDepartmentSidebar(io.cucumber.datatable.DataTable)
    | Electronics | Computers | Smart Home | Sports | Automative |
]]></system-out>
    <system-err><![CDATA[Starting ChromeDriver 111.0.5563.64 (c710e93d5b63b7095afe8c2c17df34408078439d-refs/branch-heads/5563@{#995}) on port 60727
Only local connections are allowed.
Please see https://chromedriver.chromium.org/security-considerations for suggestions on keeping ChromeDriver safe.
ChromeDriver was started successfully.
Mar 13, 2023 3:49:13 PM org.openqa.selenium.remote.ProtocolHandshake createSession
INFO: Detected upstream dialect: W3C
Mar 13, 2023 3:49:13 PM org.openqa.selenium.devtools.CdpVersionFinder findNearestMatch
WARNING: Unable to find an exact match for CDP version 111, so returning the closest version found: a no-op implementation
Mar 13, 2023 3:49:13 PM org.openqa.selenium.devtools.CdpVersionFinder findNearestMatch
INFO: Unable to find CDP implementation matching 111.
Mar 13, 2023 3:49:13 PM org.openqa.selenium.chromium.ChromiumDriver lambda$new$3
WARNING: Unable to find version of CDP to use for . You may need to include a dependency on a specific version of the CDP using something similar to `org.seleniumhq.selenium:selenium-devtools-v86:4.4.0` where the version ("v86") matches the version of the chromium-based browser you're using and the version number of the artifact is the same as Selenium's.
]]></system-err>
  </testcase>
  <testcase name="Verify department sidebar options #1" classname="Retail Home Page" time="9.251">
    <system-out><![CDATA[
@smokeTest
Scenario Outline: Verify department sidebar options # features/Home.feature:24
 INFO [main] (HomeSteps.java:24)- user is on retail website
 INFO [main] (HomeSteps.java:25)- Actual Title React App Equals  ExpectedTitle React App
  Given User is on retail website                   # tek.sdet.framework.steps.HomeSteps.userIsOnRetailWebsite()
 INFO [main] (HomeSteps.java:46)- User clicked on All section
  When User click on All section                    # tek.sdet.framework.steps.HomeSteps.userClickOnAllSection()
  And User on 'Electronics'                         # tek.sdet.framework.steps.HomeSteps.userOnElectronics(java.lang.String)
 INFO [main] (HomeSteps.java:92)- TV & Videois present
 INFO [main] (HomeSteps.java:92)- Video Gamesis present
  Then below options are present in department      # tek.sdet.framework.steps.HomeSteps.belowOptionsArePresentInDepartment(io.cucumber.datatable.DataTable)
    | TV & Video | Video Games |
]]></system-out>
    <system-err><![CDATA[Starting ChromeDriver 111.0.5563.64 (c710e93d5b63b7095afe8c2c17df34408078439d-refs/branch-heads/5563@{#995}) on port 52858
Only local connections are allowed.
Please see https://chromedriver.chromium.org/security-considerations for suggestions on keeping ChromeDriver safe.
ChromeDriver was started successfully.
Mar 13, 2023 3:49:24 PM org.openqa.selenium.remote.ProtocolHandshake createSession
INFO: Detected upstream dialect: W3C
Mar 13, 2023 3:49:24 PM org.openqa.selenium.devtools.CdpVersionFinder findNearestMatch
WARNING: Unable to find an exact match for CDP version 111, so returning the closest version found: a no-op implementation
Mar 13, 2023 3:49:24 PM org.openqa.selenium.devtools.CdpVersionFinder findNearestMatch
INFO: Unable to find CDP implementation matching 111.
Mar 13, 2023 3:49:24 PM org.openqa.selenium.chromium.ChromiumDriver lambda$new$3
WARNING: Unable to find version of CDP to use for . You may need to include a dependency on a specific version of the CDP using something similar to `org.seleniumhq.selenium:selenium-devtools-v86:4.4.0` where the version ("v86") matches the version of the chromium-based browser you're using and the version number of the artifact is the same as Selenium's.
]]></system-err>
  </testcase>
  <testcase name="Verify department sidebar options #2" classname="Retail Home Page" time="9.421">
    <system-out><![CDATA[
@smokeTest
Scenario Outline: Verify department sidebar options # features/Home.feature:25
 INFO [main] (HomeSteps.java:24)- user is on retail website
 INFO [main] (HomeSteps.java:25)- Actual Title React App Equals  ExpectedTitle React App
  Given User is on retail website                   # tek.sdet.framework.steps.HomeSteps.userIsOnRetailWebsite()
 INFO [main] (HomeSteps.java:46)- User clicked on All section
  When User click on All section                    # tek.sdet.framework.steps.HomeSteps.userClickOnAllSection()
  And User on 'Computers'                           # tek.sdet.framework.steps.HomeSteps.userOnElectronics(java.lang.String)
 INFO [main] (HomeSteps.java:92)- Accessoriesis present
 INFO [main] (HomeSteps.java:92)- Networkingis present
  Then below options are present in department      # tek.sdet.framework.steps.HomeSteps.belowOptionsArePresentInDepartment(io.cucumber.datatable.DataTable)
    | Accessories | Networking |
]]></system-out>
    <system-err><![CDATA[Starting ChromeDriver 111.0.5563.64 (c710e93d5b63b7095afe8c2c17df34408078439d-refs/branch-heads/5563@{#995}) on port 52525
Only local connections are allowed.
Please see https://chromedriver.chromium.org/security-considerations for suggestions on keeping ChromeDriver safe.
ChromeDriver was started successfully.
Mar 13, 2023 3:49:32 PM org.openqa.selenium.remote.ProtocolHandshake createSession
INFO: Detected upstream dialect: W3C
Mar 13, 2023 3:49:32 PM org.openqa.selenium.devtools.CdpVersionFinder findNearestMatch
WARNING: Unable to find an exact match for CDP version 111, so returning the closest version found: a no-op implementation
Mar 13, 2023 3:49:32 PM org.openqa.selenium.devtools.CdpVersionFinder findNearestMatch
INFO: Unable to find CDP implementation matching 111.
Mar 13, 2023 3:49:32 PM org.openqa.selenium.chromium.ChromiumDriver lambda$new$3
WARNING: Unable to find version of CDP to use for . You may need to include a dependency on a specific version of the CDP using something similar to `org.seleniumhq.selenium:selenium-devtools-v86:4.4.0` where the version ("v86") matches the version of the chromium-based browser you're using and the version number of the artifact is the same as Selenium's.
]]></system-err>
  </testcase>
  <testcase name="Verify department sidebar options #3" classname="Retail Home Page" time="9.501">
    <system-out><![CDATA[
@smokeTest
Scenario Outline: Verify department sidebar options # features/Home.feature:26
 INFO [main] (HomeSteps.java:24)- user is on retail website
 INFO [main] (HomeSteps.java:25)- Actual Title React App Equals  ExpectedTitle React App
  Given User is on retail website                   # tek.sdet.framework.steps.HomeSteps.userIsOnRetailWebsite()
 INFO [main] (HomeSteps.java:46)- User clicked on All section
  When User click on All section                    # tek.sdet.framework.steps.HomeSteps.userClickOnAllSection()
  And User on 'Smart Home'                          # tek.sdet.framework.steps.HomeSteps.userOnElectronics(java.lang.String)
 INFO [main] (HomeSteps.java:92)- Smart Home Lightningis present
 INFO [main] (HomeSteps.java:92)- Plugs and Outletsis present
  Then below options are present in department      # tek.sdet.framework.steps.HomeSteps.belowOptionsArePresentInDepartment(io.cucumber.datatable.DataTable)
    | Smart Home Lightning | Plugs and Outlets |
]]></system-out>
    <system-err><![CDATA[Starting ChromeDriver 111.0.5563.64 (c710e93d5b63b7095afe8c2c17df34408078439d-refs/branch-heads/5563@{#995}) on port 63218
Only local connections are allowed.
Please see https://chromedriver.chromium.org/security-considerations for suggestions on keeping ChromeDriver safe.
ChromeDriver was started successfully.
Mar 13, 2023 3:49:41 PM org.openqa.selenium.remote.ProtocolHandshake createSession
INFO: Detected upstream dialect: W3C
Mar 13, 2023 3:49:41 PM org.openqa.selenium.devtools.CdpVersionFinder findNearestMatch
WARNING: Unable to find an exact match for CDP version 111, so returning the closest version found: a no-op implementation
Mar 13, 2023 3:49:41 PM org.openqa.selenium.devtools.CdpVersionFinder findNearestMatch
INFO: Unable to find CDP implementation matching 111.
Mar 13, 2023 3:49:41 PM org.openqa.selenium.chromium.ChromiumDriver lambda$new$3
WARNING: Unable to find version of CDP to use for . You may need to include a dependency on a specific version of the CDP using something similar to `org.seleniumhq.selenium:selenium-devtools-v86:4.4.0` where the version ("v86") matches the version of the chromium-based browser you're using and the version number of the artifact is the same as Selenium's.
]]></system-err>
  </testcase>
  <testcase name="Verify department sidebar options #4" classname="Retail Home Page" time="9.823">
    <system-out><![CDATA[
@smokeTest
Scenario Outline: Verify department sidebar options # features/Home.feature:27
 INFO [main] (HomeSteps.java:24)- user is on retail website
 INFO [main] (HomeSteps.java:25)- Actual Title React App Equals  ExpectedTitle React App
  Given User is on retail website                   # tek.sdet.framework.steps.HomeSteps.userIsOnRetailWebsite()
 INFO [main] (HomeSteps.java:46)- User clicked on All section
  When User click on All section                    # tek.sdet.framework.steps.HomeSteps.userClickOnAllSection()
  And User on 'Sports'                              # tek.sdet.framework.steps.HomeSteps.userOnElectronics(java.lang.String)
 INFO [main] (HomeSteps.java:92)- Athletic Clothingis present
 INFO [main] (HomeSteps.java:92)- Exercise & Fitnessis present
  Then below options are present in department      # tek.sdet.framework.steps.HomeSteps.belowOptionsArePresentInDepartment(io.cucumber.datatable.DataTable)
    | Athletic Clothing | Exercise & Fitness |
]]></system-out>
    <system-err><![CDATA[Starting ChromeDriver 111.0.5563.64 (c710e93d5b63b7095afe8c2c17df34408078439d-refs/branch-heads/5563@{#995}) on port 52453
Only local connections are allowed.
Please see https://chromedriver.chromium.org/security-considerations for suggestions on keeping ChromeDriver safe.
ChromeDriver was started successfully.
Mar 13, 2023 3:49:50 PM org.openqa.selenium.remote.ProtocolHandshake createSession
INFO: Detected upstream dialect: W3C
Mar 13, 2023 3:49:50 PM org.openqa.selenium.devtools.CdpVersionFinder findNearestMatch
WARNING: Unable to find an exact match for CDP version 111, so returning the closest version found: a no-op implementation
Mar 13, 2023 3:49:50 PM org.openqa.selenium.devtools.CdpVersionFinder findNearestMatch
INFO: Unable to find CDP implementation matching 111.
Mar 13, 2023 3:49:50 PM org.openqa.selenium.chromium.ChromiumDriver lambda$new$3
WARNING: Unable to find version of CDP to use for . You may need to include a dependency on a specific version of the CDP using something similar to `org.seleniumhq.selenium:selenium-devtools-v86:4.4.0` where the version ("v86") matches the version of the chromium-based browser you're using and the version number of the artifact is the same as Selenium's.
]]></system-err>
  </testcase>
  <testcase name="Verify department sidebar options #5" classname="Retail Home Page" time="8.701">
    <system-out><![CDATA[
@smokeTest
Scenario Outline: Verify department sidebar options # features/Home.feature:28
 INFO [main] (HomeSteps.java:24)- user is on retail website
 INFO [main] (HomeSteps.java:25)- Actual Title React App Equals  ExpectedTitle React App
  Given User is on retail website                   # tek.sdet.framework.steps.HomeSteps.userIsOnRetailWebsite()
 INFO [main] (HomeSteps.java:46)- User clicked on All section
  When User click on All section                    # tek.sdet.framework.steps.HomeSteps.userClickOnAllSection()
  And User on 'Automative'                          # tek.sdet.framework.steps.HomeSteps.userOnElectronics(java.lang.String)
 INFO [main] (HomeSteps.java:92)- Automative Parts & Accessoriesis present
 INFO [main] (HomeSteps.java:92)- MotorCycle & Powersportsis present
  Then below options are present in department      # tek.sdet.framework.steps.HomeSteps.belowOptionsArePresentInDepartment(io.cucumber.datatable.DataTable)
    | Automative Parts & Accessories | MotorCycle & Powersports |
]]></system-out>
    <system-err><![CDATA[Starting ChromeDriver 111.0.5563.64 (c710e93d5b63b7095afe8c2c17df34408078439d-refs/branch-heads/5563@{#995}) on port 63190
Only local connections are allowed.
Please see https://chromedriver.chromium.org/security-considerations for suggestions on keeping ChromeDriver safe.
ChromeDriver was started successfully.
Mar 13, 2023 3:50:00 PM org.openqa.selenium.remote.ProtocolHandshake createSession
INFO: Detected upstream dialect: W3C
Mar 13, 2023 3:50:00 PM org.openqa.selenium.devtools.CdpVersionFinder findNearestMatch
WARNING: Unable to find an exact match for CDP version 111, so returning the closest version found: a no-op implementation
Mar 13, 2023 3:50:00 PM org.openqa.selenium.devtools.CdpVersionFinder findNearestMatch
INFO: Unable to find CDP implementation matching 111.
Mar 13, 2023 3:50:00 PM org.openqa.selenium.chromium.ChromiumDriver lambda$new$3
WARNING: Unable to find version of CDP to use for . You may need to include a dependency on a specific version of the CDP using something similar to `org.seleniumhq.selenium:selenium-devtools-v86:4.4.0` where the version ("v86") matches the version of the chromium-based browser you're using and the version number of the artifact is the same as Selenium's.
]]></system-err>
  </testcase>
  <testcase name="Verify User can add an item to cart" classname="Retail Home Page" time="12.177">
    <system-out><![CDATA[
@smokeTest
Scenario: Verify User can add an item to cart                       # features/Home.feature:30
 INFO [main] (HomeSteps.java:24)- user is on retail website
 INFO [main] (HomeSteps.java:25)- Actual Title React App Equals  ExpectedTitle React App
  Given User is on retail website                                   # tek.sdet.framework.steps.HomeSteps.userIsOnRetailWebsite()
 INFO [main] (SignInSteps.java:23)- user clicked on sign in option
  When User click on Sign in option                                 # tek.sdet.framework.steps.SignInSteps.userClickOnSignInBtn()
 INFO [main] (SignInSteps.java:30)- User Entered email qaTester@gmail.comuser Entered password Tek@1234
  And User enter email 'qaTester@gmail.com' and password 'Tek@1234' # tek.sdet.framework.steps.SignInSteps.userEnterEmailAndPassword(java.lang.String,java.lang.String)
 INFO [main] (SignInSteps.java:37)- Login button is enabled
  When User click on login button                                   # tek.sdet.framework.steps.SignInSteps.userClickOnLoginButton()
  And User should be logged in into Account                         # tek.sdet.framework.steps.SignInSteps.userShouldBeLoggedInintoAccount()
 INFO [main] (HomeSteps.java:104)- User change the category to Smart Home
  And User change the category to 'Smart Home'                      # tek.sdet.framework.steps.HomeSteps.userChangeTheCategoryTo(java.lang.String)
 INFO [main] (HomeSteps.java:111)- Expected inpurt inserted kasa outdoor smart plug
  And User search for an item 'kasa outdoor smart plug'             # tek.sdet.framework.steps.HomeSteps.userSearchForAnItem(java.lang.String)
 INFO [main] (HomeSteps.java:118)- User clicked on search Button
  And User click on Search icon                                     # tek.sdet.framework.steps.HomeSteps.userClickOnSearchIcon()
 INFO [main] (HomeSteps.java:126)- user clicked on product
  And User click on item                                            # tek.sdet.framework.steps.HomeSteps.userClickOnItem()
 INFO [main] (HomeSteps.java:136)- User selected the required quantity
  And User select quantity â€˜2â€™                                      # tek.sdet.framework.steps.HomeSteps.userSelectQuantity(java.lang.Integer)
 INFO [main] (HomeSteps.java:143)- User Clicked on add to cart btn
  And User click add to Cart button                                 # tek.sdet.framework.steps.HomeSteps.userClickAddToCartButton()
 INFO [main] (HomeSteps.java:149)- The cart quantity changed to expected selection
  Then the cart icon quantity should change to â€˜2â€™                  # tek.sdet.framework.steps.HomeSteps.theCartIconQuantityShouldChangeTo(java.lang.Integer)
]]></system-out>
    <system-err><![CDATA[Starting ChromeDriver 111.0.5563.64 (c710e93d5b63b7095afe8c2c17df34408078439d-refs/branch-heads/5563@{#995}) on port 59647
Only local connections are allowed.
Please see https://chromedriver.chromium.org/security-considerations for suggestions on keeping ChromeDriver safe.
ChromeDriver was started successfully.
Mar 13, 2023 3:50:09 PM org.openqa.selenium.remote.ProtocolHandshake createSession
INFO: Detected upstream dialect: W3C
Mar 13, 2023 3:50:09 PM org.openqa.selenium.devtools.CdpVersionFinder findNearestMatch
WARNING: Unable to find an exact match for CDP version 111, so returning the closest version found: a no-op implementation
Mar 13, 2023 3:50:09 PM org.openqa.selenium.devtools.CdpVersionFinder findNearestMatch
INFO: Unable to find CDP implementation matching 111.
Mar 13, 2023 3:50:09 PM org.openqa.selenium.chromium.ChromiumDriver lambda$new$3
WARNING: Unable to find version of CDP to use for . You may need to include a dependency on a specific version of the CDP using something similar to `org.seleniumhq.selenium:selenium-devtools-v86:4.4.0` where the version ("v86") matches the version of the chromium-based browser you're using and the version number of the artifact is the same as Selenium's.
]]></system-err>
  </testcase>
  <testcase name="Verify User can place an order without Shipping address and payment Method on file" classname="Retail Home Page" time="15.98">
    <error message="element click intercepted: Element &lt;button class=&quot;checkout__payment-btn&quot; id=&quot;addPaymentBtn&quot;&gt;...&lt;/button&gt; is not clickable at point (292, 495). Other element would receive the click: &lt;div class=&quot;checkout__payment-header-empty&quot;&gt;&lt;/div&gt;&#10;  (Session info: chrome=111.0.5563.65)&#10;Build info: version: &apos;4.4.0&apos;, revision: &apos;e5c75ed026a&apos;&#10;System info: host: &apos;DESKTOP-913F0VL&apos;, ip: &apos;10.0.5.193&apos;, os.name: &apos;Windows 10&apos;, os.arch: &apos;amd64&apos;, os.version: &apos;10.0&apos;, java.version: &apos;17.0.4.1&apos;&#10;Driver info: org.openqa.selenium.chrome.ChromeDriver&#10;Command: [cf809ec0a9a7141e6a8e9d6cc29f8dbf, clickElement {id=c4b77667-bde5-42d0-bd25-4ec6dcd500b7}]&#10;Capabilities {acceptInsecureCerts: false, browserName: chrome, browserVersion: 111.0.5563.65, chrome: {chromedriverVersion: 111.0.5563.64 (c710e93d5b63..., userDataDir: C:\Users\smuni\AppData\Loca...}, goog:chromeOptions: {debuggerAddress: localhost:56774}, networkConnectionEnabled: false, pageLoadStrategy: normal, platformName: WINDOWS, proxy: Proxy(), se:cdp: ws://localhost:56774/devtoo..., se:cdpVersion: 111.0.5563.65, setWindowRect: true, strictFileInteractability: false, timeouts: {implicit: 0, pageLoad: 300000, script: 30000}, unhandledPromptBehavior: dismiss and notify, webauthn:extension:credBlob: true, webauthn:extension:largeBlob: true, webauthn:extension:minPinLength: true, webauthn:extension:prf: true, webauthn:virtualAuthenticators: true}&#10;Element: [[ChromeDriver: chrome on WINDOWS (cf809ec0a9a7141e6a8e9d6cc29f8dbf)] -&gt; xpath: //button[@id=&apos;addPaymentBtn&apos;]]&#10;Session ID: cf809ec0a9a7141e6a8e9d6cc29f8dbf" type="org.openqa.selenium.ElementClickInterceptedException"><![CDATA[org.openqa.selenium.ElementClickInterceptedException: 
element click intercepted: Element <button class="checkout__payment-btn" id="addPaymentBtn">...</button> is not clickable at point (292, 495). Other element would receive the click: <div class="checkout__payment-header-empty"></div>
  (Session info: chrome=111.0.5563.65)
Build info: version: '4.4.0', revision: 'e5c75ed026a'
System info: host: 'DESKTOP-913F0VL', ip: '10.0.5.193', os.name: 'Windows 10', os.arch: 'amd64', os.version: '10.0', java.version: '17.0.4.1'
Driver info: org.openqa.selenium.chrome.ChromeDriver
Command: [cf809ec0a9a7141e6a8e9d6cc29f8dbf, clickElement {id=c4b77667-bde5-42d0-bd25-4ec6dcd500b7}]
Capabilities {acceptInsecureCerts: false, browserName: chrome, browserVersion: 111.0.5563.65, chrome: {chromedriverVersion: 111.0.5563.64 (c710e93d5b63..., userDataDir: C:\Users\smuni\AppData\Loca...}, goog:chromeOptions: {debuggerAddress: localhost:56774}, networkConnectionEnabled: false, pageLoadStrategy: normal, platformName: WINDOWS, proxy: Proxy(), se:cdp: ws://localhost:56774/devtoo..., se:cdpVersion: 111.0.5563.65, setWindowRect: true, strictFileInteractability: false, timeouts: {implicit: 0, pageLoad: 300000, script: 30000}, unhandledPromptBehavior: dismiss and notify, webauthn:extension:credBlob: true, webauthn:extension:largeBlob: true, webauthn:extension:minPinLength: true, webauthn:extension:prf: true, webauthn:virtualAuthenticators: true}
Element: [[ChromeDriver: chrome on WINDOWS (cf809ec0a9a7141e6a8e9d6cc29f8dbf)] -> xpath: //button[@id='addPaymentBtn']]
Session ID: cf809ec0a9a7141e6a8e9d6cc29f8dbf
	at java.base/jdk.internal.reflect.NativeConstructorAccessorImpl.newInstance0(Native Method)
	at java.base/jdk.internal.reflect.NativeConstructorAccessorImpl.newInstance(NativeConstructorAccessorImpl.java:77)
	at java.base/jdk.internal.reflect.DelegatingConstructorAccessorImpl.newInstance(DelegatingConstructorAccessorImpl.java:45)
	at java.base/java.lang.reflect.Constructor.newInstanceWithCaller(Constructor.java:499)
	at java.base/java.lang.reflect.Constructor.newInstance(Constructor.java:480)
	at org.openqa.selenium.remote.codec.w3c.W3CHttpResponseCodec.createException(W3CHttpResponseCodec.java:200)
	at org.openqa.selenium.remote.codec.w3c.W3CHttpResponseCodec.decode(W3CHttpResponseCodec.java:133)
	at org.openqa.selenium.remote.codec.w3c.W3CHttpResponseCodec.decode(W3CHttpResponseCodec.java:53)
	at org.openqa.selenium.remote.HttpCommandExecutor.execute(HttpCommandExecutor.java:184)
	at org.openqa.selenium.remote.service.DriverCommandExecutor.invokeExecute(DriverCommandExecutor.java:167)
	at org.openqa.selenium.remote.service.DriverCommandExecutor.execute(DriverCommandExecutor.java:142)
	at org.openqa.selenium.remote.RemoteWebDriver.execute(RemoteWebDriver.java:547)
	at org.openqa.selenium.remote.RemoteWebElement.execute(RemoteWebElement.java:257)
	at org.openqa.selenium.remote.RemoteWebElement.click(RemoteWebElement.java:78)
	at jdk.internal.reflect.GeneratedMethodAccessor75.invoke(Unknown Source)
	at java.base/jdk.internal.reflect.DelegatingMethodAccessorImpl.invoke(DelegatingMethodAccessorImpl.java:43)
	at java.base/java.lang.reflect.Method.invoke(Method.java:568)
	at org.openqa.selenium.support.pagefactory.internal.LocatingElementHandler.invoke(LocatingElementHandler.java:52)
	at jdk.proxy2/jdk.proxy2.$Proxy26.click(Unknown Source)
	at tek.sdet.framework.utilities.CommonUtility.click(CommonUtility.java:49)
	at tek.sdet.framework.steps.HomeSteps.userClickAddACreditCardOrDebitCardForPaymentMethod(HomeSteps.java:190)
	at ✽.User click Add a credit card or Debit Card for Payment method(classpath:features/Home.feature:64)
]]></error>
    <system-out><![CDATA[
@smokeTest
Scenario: Verify User can place an order without Shipping address and payment Method on file # features/Home.feature:44
 INFO [main] (HomeSteps.java:24)- user is on retail website
 INFO [main] (HomeSteps.java:25)- Actual Title React App Equals  ExpectedTitle React App
  Given User is on retail website                                                            # tek.sdet.framework.steps.HomeSteps.userIsOnRetailWebsite()
 INFO [main] (SignInSteps.java:23)- user clicked on sign in option
  When User click on Sign in option                                                          # tek.sdet.framework.steps.SignInSteps.userClickOnSignInBtn()
 INFO [main] (SignInSteps.java:30)- User Entered email qaTester@gmail.comuser Entered password Tek@1234
  And User enter email 'qaTester@gmail.com' and password 'Tek@1234'                          # tek.sdet.framework.steps.SignInSteps.userEnterEmailAndPassword(java.lang.String,java.lang.String)
 INFO [main] (SignInSteps.java:37)- Login button is enabled
  When User click on login button                                                            # tek.sdet.framework.steps.SignInSteps.userClickOnLoginButton()
  And User should be logged in into Account                                                  # tek.sdet.framework.steps.SignInSteps.userShouldBeLoggedInintoAccount()
 INFO [main] (HomeSteps.java:104)- User change the category to Smart Home
  And User change the category to 'Smart Home'                                               # tek.sdet.framework.steps.HomeSteps.userChangeTheCategoryTo(java.lang.String)
 INFO [main] (HomeSteps.java:111)- Expected inpurt inserted kasa outdoor smart plug
  And User search for an item 'kasa outdoor smart plug'                                      # tek.sdet.framework.steps.HomeSteps.userSearchForAnItem(java.lang.String)
 INFO [main] (HomeSteps.java:118)- User clicked on search Button
  And User click on Search icon                                                              # tek.sdet.framework.steps.HomeSteps.userClickOnSearchIcon()
 INFO [main] (HomeSteps.java:126)- user clicked on product
  And User click on item                                                                     # tek.sdet.framework.steps.HomeSteps.userClickOnItem()
 INFO [main] (HomeSteps.java:136)- User selected the required quantity
  And User select quantity â€˜2â€™                                                               # tek.sdet.framework.steps.HomeSteps.userSelectQuantity(java.lang.Integer)
 INFO [main] (HomeSteps.java:143)- User Clicked on add to cart btn
  And User click add to Cart button                                                          # tek.sdet.framework.steps.HomeSteps.userClickAddToCartButton()
 INFO [main] (HomeSteps.java:149)- The cart quantity changed to expected selection
  Then the cart icon quantity should change to â€˜2â€™                                           # tek.sdet.framework.steps.HomeSteps.theCartIconQuantityShouldChangeTo(java.lang.Integer)
 INFO [main] (HomeSteps.java:155)- User clicked on add to cart option
  And User click on Cart option                                                              # tek.sdet.framework.steps.HomeSteps.userClickOnCartOption()
 INFO [main] (HomeSteps.java:162)- User clicked on proceed to checkout button
  And User click on Proceed to Checkout button                                               # tek.sdet.framework.steps.HomeSteps.userClickOnProceedToCheckoutButton()
 INFO [main] (HomeSteps.java:169)- user clicked add new address link for shipping address
  And User click Add a new address link for shipping address                                 # tek.sdet.framework.steps.HomeSteps.userClickAddANewAddressLinkForShippingAddress()
 INFO [main] (HomeSteps.java:184)- User entered address into required field
  And User fill new address form with below information                                      # tek.sdet.framework.steps.HomeSteps.userFillNewAddressFormWithBelowInformation(io.cucumber.datatable.DataTable)
    | country | fullName | phoneNumber | streetAddress | apt  | city       | state   | zipCode |
    | Canada  | TestSab  | 6478942525  | 20 victoria   | 1702 | north york | ontario | 45257   |
 INFO [main] (RetailAcountSteps.java:198)- User click Add Your Address button
  And User click Add Your Address button                                                     # tek.sdet.framework.steps.RetailAcountSteps.userClickAddYourAddressButton()
  And User click Add a credit card or Debit Card for Payment method                          # tek.sdet.framework.steps.HomeSteps.userClickAddACreditCardOrDebitCardForPaymentMethod()
      org.openqa.selenium.ElementClickInterceptedException: element click intercepted: Element <button class="checkout__payment-btn" id="addPaymentBtn">...</button> is not clickable at point (292, 495). Other element would receive the click: <div class="checkout__payment-header-empty"></div>
  (Session info: chrome=111.0.5563.65)
Build info: version: '4.4.0', revision: 'e5c75ed026a'
System info: host: 'DESKTOP-913F0VL', ip: '10.0.5.193', os.name: 'Windows 10', os.arch: 'amd64', os.version: '10.0', java.version: '17.0.4.1'
Driver info: org.openqa.selenium.chrome.ChromeDriver
Command: [cf809ec0a9a7141e6a8e9d6cc29f8dbf, clickElement {id=c4b77667-bde5-42d0-bd25-4ec6dcd500b7}]
Capabilities {acceptInsecureCerts: false, browserName: chrome, browserVersion: 111.0.5563.65, chrome: {chromedriverVersion: 111.0.5563.64 (c710e93d5b63..., userDataDir: C:\Users\smuni\AppData\Loca...}, goog:chromeOptions: {debuggerAddress: localhost:56774}, networkConnectionEnabled: false, pageLoadStrategy: normal, platformName: WINDOWS, proxy: Proxy(), se:cdp: ws://localhost:56774/devtoo..., se:cdpVersion: 111.0.5563.65, setWindowRect: true, strictFileInteractability: false, timeouts: {implicit: 0, pageLoad: 300000, script: 30000}, unhandledPromptBehavior: dismiss and notify, webauthn:extension:credBlob: true, webauthn:extension:largeBlob: true, webauthn:extension:minPinLength: true, webauthn:extension:prf: true, webauthn:virtualAuthenticators: true}
Element: [[ChromeDriver: chrome on WINDOWS (cf809ec0a9a7141e6a8e9d6cc29f8dbf)] -> xpath: //button[@id='addPaymentBtn']]
Session ID: cf809ec0a9a7141e6a8e9d6cc29f8dbf
	at java.base/jdk.internal.reflect.NativeConstructorAccessorImpl.newInstance0(Native Method)
	at java.base/jdk.internal.reflect.NativeConstructorAccessorImpl.newInstance(NativeConstructorAccessorImpl.java:77)
	at java.base/jdk.internal.reflect.DelegatingConstructorAccessorImpl.newInstance(DelegatingConstructorAccessorImpl.java:45)
	at java.base/java.lang.reflect.Constructor.newInstanceWithCaller(Constructor.java:499)
	at java.base/java.lang.reflect.Constructor.newInstance(Constructor.java:480)
	at org.openqa.selenium.remote.codec.w3c.W3CHttpResponseCodec.createException(W3CHttpResponseCodec.java:200)
	at org.openqa.selenium.remote.codec.w3c.W3CHttpResponseCodec.decode(W3CHttpResponseCodec.java:133)
	at org.openqa.selenium.remote.codec.w3c.W3CHttpResponseCodec.decode(W3CHttpResponseCodec.java:53)
	at org.openqa.selenium.remote.HttpCommandExecutor.execute(HttpCommandExecutor.java:184)
	at org.openqa.selenium.remote.service.DriverCommandExecutor.invokeExecute(DriverCommandExecutor.java:167)
	at org.openqa.selenium.remote.service.DriverCommandExecutor.execute(DriverCommandExecutor.java:142)
	at org.openqa.selenium.remote.RemoteWebDriver.execute(RemoteWebDriver.java:547)
	at org.openqa.selenium.remote.RemoteWebElement.execute(RemoteWebElement.java:257)
	at org.openqa.selenium.remote.RemoteWebElement.click(RemoteWebElement.java:78)
	at jdk.internal.reflect.GeneratedMethodAccessor75.invoke(Unknown Source)
	at java.base/jdk.internal.reflect.DelegatingMethodAccessorImpl.invoke(DelegatingMethodAccessorImpl.java:43)
	at java.base/java.lang.reflect.Method.invoke(Method.java:568)
	at org.openqa.selenium.support.pagefactory.internal.LocatingElementHandler.invoke(LocatingElementHandler.java:52)
	at jdk.proxy2/jdk.proxy2.$Proxy26.click(Unknown Source)
	at tek.sdet.framework.utilities.CommonUtility.click(CommonUtility.java:49)
	at tek.sdet.framework.steps.HomeSteps.userClickAddACreditCardOrDebitCardForPaymentMethod(HomeSteps.java:190)
	at âœ½.User click Add a credit card or Debit Card for Payment method(classpath:features/Home.feature:64)

  And User fill Debit or credit card information                                             # tek.sdet.framework.steps.RetailAcountSteps.userFillDebitOrCreditCardInformation(io.cucumber.datatable.DataTable)
    | cardNumber       | nameOnCard | expirationMonth | expirationYear | securityCode |
    | 5488726485473580 | TekCard    | 05              | 2024           | 452          |
  And User click on Add your card button                                                     # tek.sdet.framework.steps.RetailAcountSteps.userClickOnAddYourCardButton()
  And User click on Place Your Order                                                         # tek.sdet.framework.steps.HomeSteps.userClickOnPlaceYourOrder()
  Then a message should be displayed â€˜Order Placed, Thanksâ€™                                  # tek.sdet.framework.steps.HomeSteps.aMessageShouldBeDisplayedOrderPlacedThanks()

    Embedding Verify User can place an order without Shipping address and payment Method on file scenario Faild [image/png 59954 bytes]

]]></system-out>
    <system-err><![CDATA[Starting ChromeDriver 111.0.5563.64 (c710e93d5b63b7095afe8c2c17df34408078439d-refs/branch-heads/5563@{#995}) on port 63953
Only local connections are allowed.
Please see https://chromedriver.chromium.org/security-considerations for suggestions on keeping ChromeDriver safe.
ChromeDriver was started successfully.
Mar 13, 2023 3:50:21 PM org.openqa.selenium.remote.ProtocolHandshake createSession
INFO: Detected upstream dialect: W3C
Mar 13, 2023 3:50:21 PM org.openqa.selenium.devtools.CdpVersionFinder findNearestMatch
WARNING: Unable to find an exact match for CDP version 111, so returning the closest version found: a no-op implementation
Mar 13, 2023 3:50:21 PM org.openqa.selenium.devtools.CdpVersionFinder findNearestMatch
INFO: Unable to find CDP implementation matching 111.
Mar 13, 2023 3:50:21 PM org.openqa.selenium.chromium.ChromiumDriver lambda$new$3
WARNING: Unable to find version of CDP to use for . You may need to include a dependency on a specific version of the CDP using something similar to `org.seleniumhq.selenium:selenium-devtools-v86:4.4.0` where the version ("v86") matches the version of the chromium-based browser you're using and the version number of the artifact is the same as Selenium's.
]]></system-err>
  </testcase>
  <testcase name="Verify User can place an order with Shipping address and payment Method on file" classname="Retail Home Page" time="33.76">
    <error message="Expected condition failed: waiting for element to be clickable: [[ChromeDriver: chrome on WINDOWS (eacae419887e14519667ad4abb2a0b0b)] -&gt; xpath: //button[@id=&apos;placeOrderBtn&apos;]] (tried for 20 second(s) with 500 milliseconds interval)&#10;Build info: version: &apos;4.4.0&apos;, revision: &apos;e5c75ed026a&apos;&#10;System info: host: &apos;DESKTOP-913F0VL&apos;, ip: &apos;10.0.5.193&apos;, os.name: &apos;Windows 10&apos;, os.arch: &apos;amd64&apos;, os.version: &apos;10.0&apos;, java.version: &apos;17.0.4.1&apos;&#10;Driver info: org.openqa.selenium.chrome.ChromeDriver&#10;Capabilities {acceptInsecureCerts: false, browserName: chrome, browserVersion: 111.0.5563.65, chrome: {chromedriverVersion: 111.0.5563.64 (c710e93d5b63..., userDataDir: C:\Users\smuni\AppData\Loca...}, goog:chromeOptions: {debuggerAddress: localhost:56815}, networkConnectionEnabled: false, pageLoadStrategy: normal, platformName: WINDOWS, proxy: Proxy(), se:cdp: ws://localhost:56815/devtoo..., se:cdpVersion: 111.0.5563.65, setWindowRect: true, strictFileInteractability: false, timeouts: {implicit: 0, pageLoad: 300000, script: 30000}, unhandledPromptBehavior: dismiss and notify, webauthn:extension:credBlob: true, webauthn:extension:largeBlob: true, webauthn:extension:minPinLength: true, webauthn:extension:prf: true, webauthn:virtualAuthenticators: true}&#10;Session ID: eacae419887e14519667ad4abb2a0b0b" type="org.openqa.selenium.TimeoutException"><![CDATA[org.openqa.selenium.TimeoutException: 
Expected condition failed: waiting for element to be clickable: [[ChromeDriver: chrome on WINDOWS (eacae419887e14519667ad4abb2a0b0b)] -> xpath: //button[@id='placeOrderBtn']] (tried for 20 second(s) with 500 milliseconds interval)
Build info: version: '4.4.0', revision: 'e5c75ed026a'
System info: host: 'DESKTOP-913F0VL', ip: '10.0.5.193', os.name: 'Windows 10', os.arch: 'amd64', os.version: '10.0', java.version: '17.0.4.1'
Driver info: org.openqa.selenium.chrome.ChromeDriver
Capabilities {acceptInsecureCerts: false, browserName: chrome, browserVersion: 111.0.5563.65, chrome: {chromedriverVersion: 111.0.5563.64 (c710e93d5b63..., userDataDir: C:\Users\smuni\AppData\Loca...}, goog:chromeOptions: {debuggerAddress: localhost:56815}, networkConnectionEnabled: false, pageLoadStrategy: normal, platformName: WINDOWS, proxy: Proxy(), se:cdp: ws://localhost:56815/devtoo..., se:cdpVersion: 111.0.5563.65, setWindowRect: true, strictFileInteractability: false, timeouts: {implicit: 0, pageLoad: 300000, script: 30000}, unhandledPromptBehavior: dismiss and notify, webauthn:extension:credBlob: true, webauthn:extension:largeBlob: true, webauthn:extension:minPinLength: true, webauthn:extension:prf: true, webauthn:virtualAuthenticators: true}
Session ID: eacae419887e14519667ad4abb2a0b0b
	at org.openqa.selenium.support.ui.WebDriverWait.timeoutException(WebDriverWait.java:87)
	at org.openqa.selenium.support.ui.FluentWait.until(FluentWait.java:231)
	at tek.sdet.framework.utilities.CommonUtility.waitTillClickable(CommonUtility.java:31)
	at tek.sdet.framework.steps.HomeSteps.userClickOnPlaceYourOrder(HomeSteps.java:197)
	at ✽.User click on Place Your Order(classpath:features/Home.feature:87)
]]></error>
    <system-out><![CDATA[
@smokeTest
Scenario: Verify User can place an order with Shipping address and payment Method on file # features/Home.feature:72
 INFO [main] (HomeSteps.java:24)- user is on retail website
 INFO [main] (HomeSteps.java:25)- Actual Title React App Equals  ExpectedTitle React App
  Given User is on retail website                                                         # tek.sdet.framework.steps.HomeSteps.userIsOnRetailWebsite()
 INFO [main] (SignInSteps.java:23)- user clicked on sign in option
  When User click on Sign in option                                                       # tek.sdet.framework.steps.SignInSteps.userClickOnSignInBtn()
 INFO [main] (SignInSteps.java:30)- User Entered email qaTester@gmail.comuser Entered password Tek@1234
  And User enter email 'qaTester@gmail.com' and password 'Tek@1234'                       # tek.sdet.framework.steps.SignInSteps.userEnterEmailAndPassword(java.lang.String,java.lang.String)
 INFO [main] (SignInSteps.java:37)- Login button is enabled
  When User click on login button                                                         # tek.sdet.framework.steps.SignInSteps.userClickOnLoginButton()
  And User should be logged in into Account                                               # tek.sdet.framework.steps.SignInSteps.userShouldBeLoggedInintoAccount()
 INFO [main] (HomeSteps.java:214)- User changed the category to Electronics
  And User change the category to Electronics                                             # tek.sdet.framework.steps.HomeSteps.userChangeTheCategoryToElectronics()
 INFO [main] (HomeSteps.java:111)- Expected inpurt inserted Apex Legends
  And User search for an item 'Apex Legends'                                              # tek.sdet.framework.steps.HomeSteps.userSearchForAnItem(java.lang.String)
 INFO [main] (HomeSteps.java:118)- User clicked on search Button
  And User click on Search icon                                                           # tek.sdet.framework.steps.HomeSteps.userClickOnSearchIcon()
 INFO [main] (HomeSteps.java:126)- user clicked on product
  And User click on item                                                                  # tek.sdet.framework.steps.HomeSteps.userClickOnItem()
 INFO [main] (HomeSteps.java:136)- User selected the required quantity
  And User select quantity â€˜5â€™                                                            # tek.sdet.framework.steps.HomeSteps.userSelectQuantity(java.lang.Integer)
 INFO [main] (HomeSteps.java:143)- User Clicked on add to cart btn
  And User click add to Cart button                                                       # tek.sdet.framework.steps.HomeSteps.userClickAddToCartButton()
 INFO [main] (HomeSteps.java:149)- The cart quantity changed to expected selection
  Then the cart icon quantity should change to â€˜5â€™                                        # tek.sdet.framework.steps.HomeSteps.theCartIconQuantityShouldChangeTo(java.lang.Integer)
 INFO [main] (HomeSteps.java:155)- User clicked on add to cart option
  And User click on Cart option                                                           # tek.sdet.framework.steps.HomeSteps.userClickOnCartOption()
 INFO [main] (HomeSteps.java:162)- User clicked on proceed to checkout button
  And User click on Proceed to Checkout button                                            # tek.sdet.framework.steps.HomeSteps.userClickOnProceedToCheckoutButton()
  And User click on Place Your Order                                                      # tek.sdet.framework.steps.HomeSteps.userClickOnPlaceYourOrder()
      org.openqa.selenium.TimeoutException: Expected condition failed: waiting for element to be clickable: [[ChromeDriver: chrome on WINDOWS (eacae419887e14519667ad4abb2a0b0b)] -> xpath: //button[@id='placeOrderBtn']] (tried for 20 second(s) with 500 milliseconds interval)
Build info: version: '4.4.0', revision: 'e5c75ed026a'
System info: host: 'DESKTOP-913F0VL', ip: '10.0.5.193', os.name: 'Windows 10', os.arch: 'amd64', os.version: '10.0', java.version: '17.0.4.1'
Driver info: org.openqa.selenium.chrome.ChromeDriver
Capabilities {acceptInsecureCerts: false, browserName: chrome, browserVersion: 111.0.5563.65, chrome: {chromedriverVersion: 111.0.5563.64 (c710e93d5b63..., userDataDir: C:\Users\smuni\AppData\Loca...}, goog:chromeOptions: {debuggerAddress: localhost:56815}, networkConnectionEnabled: false, pageLoadStrategy: normal, platformName: WINDOWS, proxy: Proxy(), se:cdp: ws://localhost:56815/devtoo..., se:cdpVersion: 111.0.5563.65, setWindowRect: true, strictFileInteractability: false, timeouts: {implicit: 0, pageLoad: 300000, script: 30000}, unhandledPromptBehavior: dismiss and notify, webauthn:extension:credBlob: true, webauthn:extension:largeBlob: true, webauthn:extension:minPinLength: true, webauthn:extension:prf: true, webauthn:virtualAuthenticators: true}
Session ID: eacae419887e14519667ad4abb2a0b0b
	at org.openqa.selenium.support.ui.WebDriverWait.timeoutException(WebDriverWait.java:87)
	at org.openqa.selenium.support.ui.FluentWait.until(FluentWait.java:231)
	at tek.sdet.framework.utilities.CommonUtility.waitTillClickable(CommonUtility.java:31)
	at tek.sdet.framework.steps.HomeSteps.userClickOnPlaceYourOrder(HomeSteps.java:197)
	at âœ½.User click on Place Your Order(classpath:features/Home.feature:87)

  Then a message should be displayed â€˜Order Placed, Thanksâ€™                               # tek.sdet.framework.steps.HomeSteps.aMessageShouldBeDisplayedOrderPlacedThanks()

    Embedding Verify User can place an order with Shipping address and payment Method on file scenario Faild [image/png 54721 bytes]

]]></system-out>
    <system-err><![CDATA[Starting ChromeDriver 111.0.5563.64 (c710e93d5b63b7095afe8c2c17df34408078439d-refs/branch-heads/5563@{#995}) on port 58117
Only local connections are allowed.
Please see https://chromedriver.chromium.org/security-considerations for suggestions on keeping ChromeDriver safe.
ChromeDriver was started successfully.
Mar 13, 2023 3:50:37 PM org.openqa.selenium.remote.ProtocolHandshake createSession
INFO: Detected upstream dialect: W3C
Mar 13, 2023 3:50:37 PM org.openqa.selenium.devtools.CdpVersionFinder findNearestMatch
WARNING: Unable to find an exact match for CDP version 111, so returning the closest version found: a no-op implementation
Mar 13, 2023 3:50:37 PM org.openqa.selenium.devtools.CdpVersionFinder findNearestMatch
INFO: Unable to find CDP implementation matching 111.
Mar 13, 2023 3:50:37 PM org.openqa.selenium.chromium.ChromiumDriver lambda$new$3
WARNING: Unable to find version of CDP to use for . You may need to include a dependency on a specific version of the CDP using something similar to `org.seleniumhq.selenium:selenium-devtools-v86:4.4.0` where the version ("v86") matches the version of the chromium-based browser you're using and the version number of the artifact is the same as Selenium's.
]]></system-err>
  </testcase>
  <testcase name="Verify User can update Profile Information" classname="Retail Account Page" time="11.941">
    <system-out><![CDATA[
@smokeTest
Scenario: Verify User can update Profile Information                # features/RetailAccount.feature:4
 INFO [main] (HomeSteps.java:24)- user is on retail website
 INFO [main] (HomeSteps.java:25)- Actual Title React App Equals  ExpectedTitle React App
  Given User is on retail website                                   # tek.sdet.framework.steps.HomeSteps.userIsOnRetailWebsite()
 INFO [main] (SignInSteps.java:23)- user clicked on sign in option
  When User click on Sign in option                                 # tek.sdet.framework.steps.SignInSteps.userClickOnSignInBtn()
 INFO [main] (SignInSteps.java:30)- User Entered email qaTester@gmail.comuser Entered password Tek@1234
  And User enter email 'qaTester@gmail.com' and password 'Tek@1234' # tek.sdet.framework.steps.SignInSteps.userEnterEmailAndPassword(java.lang.String,java.lang.String)
 INFO [main] (SignInSteps.java:37)- Login button is enabled
  And User click on login button                                    # tek.sdet.framework.steps.SignInSteps.userClickOnLoginButton()
  And User should be logged in into Account                         # tek.sdet.framework.steps.SignInSteps.userShouldBeLoggedInintoAccount()
 INFO [main] (RetailAcountSteps.java:21)- User clicked on Account Button
  When User click on Account option                                 # tek.sdet.framework.steps.RetailAcountSteps.user_click_on_account_option()
 INFO [main] (RetailAcountSteps.java:32)- User Entered the required values
  And User update Name and Phone                                    # tek.sdet.framework.steps.RetailAcountSteps.userUpdateNameAndPhoneValue(io.cucumber.datatable.DataTable)
    | name    | phone number |
    | TestSab | 9193756678   |
 INFO [main] (RetailAcountSteps.java:41)- User clicked on update button
  And User click on Update button                                   # tek.sdet.framework.steps.RetailAcountSteps.user_click_on_update_button()
 INFO [main] (RetailAcountSteps.java:49)- user profile information should be updated
  Then user profile information should be updated                   # tek.sdet.framework.steps.RetailAcountSteps.user_profile_information_should_be_updated()
]]></system-out>
    <system-err><![CDATA[Starting ChromeDriver 111.0.5563.64 (c710e93d5b63b7095afe8c2c17df34408078439d-refs/branch-heads/5563@{#995}) on port 63643
Only local connections are allowed.
Please see https://chromedriver.chromium.org/security-considerations for suggestions on keeping ChromeDriver safe.
ChromeDriver was started successfully.
Mar 13, 2023 3:51:11 PM org.openqa.selenium.remote.ProtocolHandshake createSession
INFO: Detected upstream dialect: W3C
Mar 13, 2023 3:51:11 PM org.openqa.selenium.devtools.CdpVersionFinder findNearestMatch
WARNING: Unable to find an exact match for CDP version 111, so returning the closest version found: a no-op implementation
Mar 13, 2023 3:51:11 PM org.openqa.selenium.devtools.CdpVersionFinder findNearestMatch
INFO: Unable to find CDP implementation matching 111.
Mar 13, 2023 3:51:11 PM org.openqa.selenium.chromium.ChromiumDriver lambda$new$3
WARNING: Unable to find version of CDP to use for . You may need to include a dependency on a specific version of the CDP using something similar to `org.seleniumhq.selenium:selenium-devtools-v86:4.4.0` where the version ("v86") matches the version of the chromium-based browser you're using and the version number of the artifact is the same as Selenium's.
]]></system-err>
  </testcase>
  <testcase name="Verify User can Update password" classname="Retail Account Page" time="12.167">
    <system-out><![CDATA[
@smokeTest
Scenario: Verify User can Update password                            # features/RetailAccount.feature:17
 INFO [main] (HomeSteps.java:24)- user is on retail website
 INFO [main] (HomeSteps.java:25)- Actual Title React App Equals  ExpectedTitle React App
  Given User is on retail website                                    # tek.sdet.framework.steps.HomeSteps.userIsOnRetailWebsite()
 INFO [main] (SignInSteps.java:23)- user clicked on sign in option
  When User click on Sign in option                                  # tek.sdet.framework.steps.SignInSteps.userClickOnSignInBtn()
 INFO [main] (SignInSteps.java:30)- User Entered email saboor12@gmail.comuser Entered password Tek@1234
  And User enter email 'saboor12@gmail.com' and password 'Tek@1234'  # tek.sdet.framework.steps.SignInSteps.userEnterEmailAndPassword(java.lang.String,java.lang.String)
 INFO [main] (SignInSteps.java:37)- Login button is enabled
  And User click on login button                                     # tek.sdet.framework.steps.SignInSteps.userClickOnLoginButton()
  And User should be logged in into Account                          # tek.sdet.framework.steps.SignInSteps.userShouldBeLoggedInintoAccount()
 INFO [main] (RetailAcountSteps.java:21)- User clicked on Account Button
  And User click on Account option                                   # tek.sdet.framework.steps.RetailAcountSteps.user_click_on_account_option()
 INFO [main] (RetailAcountSteps.java:58)- User entered required information
  And User enter below information                                   # tek.sdet.framework.steps.RetailAcountSteps.user_enter_below_information(io.cucumber.datatable.DataTable)
    | previousPassword | newPassword | confirmPassword |
    | Tek@1234         | Salam@1234  | Salam@1234      |
 INFO [main] (RetailAcountSteps.java:66)- User clicked on Change Password button
  And User click on Change Password button                           # tek.sdet.framework.steps.RetailAcountSteps.user_click_on_change_password_button()
 INFO [main] (RetailAcountSteps.java:74)- a message should be displayed ‘Password Updated Successfully’
  Then a message should be displayed â€˜Password Updated Successfullyâ€™ # tek.sdet.framework.steps.RetailAcountSteps.a_message_should_be_displayed_password_updated_successfully()
]]></system-out>
    <system-err><![CDATA[Starting ChromeDriver 111.0.5563.64 (c710e93d5b63b7095afe8c2c17df34408078439d-refs/branch-heads/5563@{#995}) on port 53356
Only local connections are allowed.
Please see https://chromedriver.chromium.org/security-considerations for suggestions on keeping ChromeDriver safe.
ChromeDriver was started successfully.
Mar 13, 2023 3:51:22 PM org.openqa.selenium.remote.ProtocolHandshake createSession
INFO: Detected upstream dialect: W3C
Mar 13, 2023 3:51:22 PM org.openqa.selenium.devtools.CdpVersionFinder findNearestMatch
WARNING: Unable to find an exact match for CDP version 111, so returning the closest version found: a no-op implementation
Mar 13, 2023 3:51:22 PM org.openqa.selenium.devtools.CdpVersionFinder findNearestMatch
INFO: Unable to find CDP implementation matching 111.
Mar 13, 2023 3:51:22 PM org.openqa.selenium.chromium.ChromiumDriver lambda$new$3
WARNING: Unable to find version of CDP to use for . You may need to include a dependency on a specific version of the CDP using something similar to `org.seleniumhq.selenium:selenium-devtools-v86:4.4.0` where the version ("v86") matches the version of the chromium-based browser you're using and the version number of the artifact is the same as Selenium's.
]]></system-err>
  </testcase>
  <testcase name="Verify User can add a payment method" classname="Retail Account Page" time="13.087">
    <system-out><![CDATA[
@smokeTest
Scenario: Verify User can add a payment method                           # features/RetailAccount.feature:30
 INFO [main] (HomeSteps.java:24)- user is on retail website
 INFO [main] (HomeSteps.java:25)- Actual Title React App Equals  ExpectedTitle React App
  Given User is on retail website                                        # tek.sdet.framework.steps.HomeSteps.userIsOnRetailWebsite()
 INFO [main] (SignInSteps.java:23)- user clicked on sign in option
  When User click on Sign in option                                      # tek.sdet.framework.steps.SignInSteps.userClickOnSignInBtn()
 INFO [main] (SignInSteps.java:30)- User Entered email qaTester@gmail.comuser Entered password Tek@1234
  And User enter email 'qaTester@gmail.com' and password 'Tek@1234'      # tek.sdet.framework.steps.SignInSteps.userEnterEmailAndPassword(java.lang.String,java.lang.String)
 INFO [main] (SignInSteps.java:37)- Login button is enabled
  And User click on login button                                         # tek.sdet.framework.steps.SignInSteps.userClickOnLoginButton()
  And User should be logged in into Account                              # tek.sdet.framework.steps.SignInSteps.userShouldBeLoggedInintoAccount()
 INFO [main] (RetailAcountSteps.java:21)- User clicked on Account Button
  And User click on Account option                                       # tek.sdet.framework.steps.RetailAcountSteps.user_click_on_account_option()
 INFO [main] (RetailAcountSteps.java:81)- User clicked on add a payment method link
  And User click on Add a payment method link                            # tek.sdet.framework.steps.RetailAcountSteps.userClickOnAddAPaymentMethodLink()
 INFO [main] (RetailAcountSteps.java:93)- User filled Debit or credit card information
  And User fill Debit or credit card information                         # tek.sdet.framework.steps.RetailAcountSteps.userFillDebitOrCreditCardInformation(io.cucumber.datatable.DataTable)
    | cardNumber       | nameOnCard | expirationMonth | expirationYear | securityCode |
    | 5488726485473580 | TekCard    | 05              | 2024           | 452          |
 INFO [main] (RetailAcountSteps.java:99)- User clicked on add your card button
  And User click on Add your card button                                 # tek.sdet.framework.steps.RetailAcountSteps.userClickOnAddYourCardButton()
 INFO [main] (RetailAcountSteps.java:112)- a message should be displayed ‘Payment Method added successfully’
  Then a message should be displayed â€˜Payment Method added successfullyâ€™ # tek.sdet.framework.steps.RetailAcountSteps.aMessageShouldBeDisplayedPaymentMethodAddedSuccessfully()
]]></system-out>
    <system-err><![CDATA[Starting ChromeDriver 111.0.5563.64 (c710e93d5b63b7095afe8c2c17df34408078439d-refs/branch-heads/5563@{#995}) on port 50459
Only local connections are allowed.
Please see https://chromedriver.chromium.org/security-considerations for suggestions on keeping ChromeDriver safe.
ChromeDriver was started successfully.
Mar 13, 2023 3:51:35 PM org.openqa.selenium.remote.ProtocolHandshake createSession
INFO: Detected upstream dialect: W3C
Mar 13, 2023 3:51:35 PM org.openqa.selenium.devtools.CdpVersionFinder findNearestMatch
WARNING: Unable to find an exact match for CDP version 111, so returning the closest version found: a no-op implementation
Mar 13, 2023 3:51:35 PM org.openqa.selenium.devtools.CdpVersionFinder findNearestMatch
INFO: Unable to find CDP implementation matching 111.
Mar 13, 2023 3:51:35 PM org.openqa.selenium.chromium.ChromiumDriver lambda$new$3
WARNING: Unable to find version of CDP to use for . You may need to include a dependency on a specific version of the CDP using something similar to `org.seleniumhq.selenium:selenium-devtools-v86:4.4.0` where the version ("v86") matches the version of the chromium-based browser you're using and the version number of the artifact is the same as Selenium's.
]]></system-err>
  </testcase>
  <testcase name="Verify User can edit Debit or Credit card" classname="Retail Account Page" time="12.965">
    <system-out><![CDATA[
@smokeTest
Scenario: Verify User can edit Debit or Credit card                        # features/RetailAccount.feature:44
 INFO [main] (HomeSteps.java:24)- user is on retail website
 INFO [main] (HomeSteps.java:25)- Actual Title React App Equals  ExpectedTitle React App
  Given User is on retail website                                          # tek.sdet.framework.steps.HomeSteps.userIsOnRetailWebsite()
 INFO [main] (SignInSteps.java:23)- user clicked on sign in option
  When User click on Sign in option                                        # tek.sdet.framework.steps.SignInSteps.userClickOnSignInBtn()
 INFO [main] (SignInSteps.java:30)- User Entered email qaTester@gmail.comuser Entered password Tek@1234
  And User enter email 'qaTester@gmail.com' and password 'Tek@1234'        # tek.sdet.framework.steps.SignInSteps.userEnterEmailAndPassword(java.lang.String,java.lang.String)
 INFO [main] (SignInSteps.java:37)- Login button is enabled
  And User click on login button                                           # tek.sdet.framework.steps.SignInSteps.userClickOnLoginButton()
  And User should be logged in into Account                                # tek.sdet.framework.steps.SignInSteps.userShouldBeLoggedInintoAccount()
 INFO [main] (RetailAcountSteps.java:21)- User clicked on Account Button
  And User click on Account option                                         # tek.sdet.framework.steps.RetailAcountSteps.user_click_on_account_option()
 INFO [main] (RetailAcountSteps.java:120)- User clicked on Edit option of card section
  And User click on Edit option of card section                            # tek.sdet.framework.steps.RetailAcountSteps.userClickOnEditOptionOfCardSection()
 INFO [main] (RetailAcountSteps.java:134)- user successfully edited information with required data
  And user edit information with below data                                # tek.sdet.framework.steps.RetailAcountSteps.userEditInformationWithBelowData(io.cucumber.datatable.DataTable)
    | cardNumber       | nameOnCard | expirationMonth | expirationYear | securityCode |
    | 5488726485479028 | TekCard    | 12              | 2026           | 644          |
 INFO [main] (RetailAcountSteps.java:141)- user clicked on Update Your Card button
  And user click on Update Your Card button                                # tek.sdet.framework.steps.RetailAcountSteps.userClickOnUpdateYourCardButton()
 INFO [main] (RetailAcountSteps.java:149)- a message should be displayed ‘Payment Method updated Successfully’
  Then a message should be displayed â€˜Payment Method updated Successfullyâ€™ # tek.sdet.framework.steps.RetailAcountSteps.aMessageShouldBeDisplayedPaymentMethodUpdatedSuccessfully()
]]></system-out>
    <system-err><![CDATA[Starting ChromeDriver 111.0.5563.64 (c710e93d5b63b7095afe8c2c17df34408078439d-refs/branch-heads/5563@{#995}) on port 52386
Only local connections are allowed.
Please see https://chromedriver.chromium.org/security-considerations for suggestions on keeping ChromeDriver safe.
ChromeDriver was started successfully.
Mar 13, 2023 3:51:48 PM org.openqa.selenium.remote.ProtocolHandshake createSession
INFO: Detected upstream dialect: W3C
Mar 13, 2023 3:51:48 PM org.openqa.selenium.devtools.CdpVersionFinder findNearestMatch
WARNING: Unable to find an exact match for CDP version 111, so returning the closest version found: a no-op implementation
Mar 13, 2023 3:51:48 PM org.openqa.selenium.devtools.CdpVersionFinder findNearestMatch
INFO: Unable to find CDP implementation matching 111.
Mar 13, 2023 3:51:48 PM org.openqa.selenium.chromium.ChromiumDriver lambda$new$3
WARNING: Unable to find version of CDP to use for . You may need to include a dependency on a specific version of the CDP using something similar to `org.seleniumhq.selenium:selenium-devtools-v86:4.4.0` where the version ("v86") matches the version of the chromium-based browser you're using and the version number of the artifact is the same as Selenium's.
]]></system-err>
  </testcase>
  <testcase name="Verify User can remove Debit or Credit card" classname="Retail Account Page" time="12.746">
    <system-out><![CDATA[
@smokeTest
Scenario: Verify User can remove Debit or Credit card               # features/RetailAccount.feature:58
 INFO [main] (HomeSteps.java:24)- user is on retail website
 INFO [main] (HomeSteps.java:25)- Actual Title React App Equals  ExpectedTitle React App
  Given User is on retail website                                   # tek.sdet.framework.steps.HomeSteps.userIsOnRetailWebsite()
 INFO [main] (SignInSteps.java:23)- user clicked on sign in option
  When User click on Sign in option                                 # tek.sdet.framework.steps.SignInSteps.userClickOnSignInBtn()
 INFO [main] (SignInSteps.java:30)- User Entered email qaTester@gmail.comuser Entered password Tek@1234
  And User enter email 'qaTester@gmail.com' and password 'Tek@1234' # tek.sdet.framework.steps.SignInSteps.userEnterEmailAndPassword(java.lang.String,java.lang.String)
 INFO [main] (SignInSteps.java:37)- Login button is enabled
  And User click on login button                                    # tek.sdet.framework.steps.SignInSteps.userClickOnLoginButton()
  And User should be logged in into Account                         # tek.sdet.framework.steps.SignInSteps.userShouldBeLoggedInintoAccount()
 INFO [main] (RetailAcountSteps.java:21)- User clicked on Account Button
  And User click on Account option                                  # tek.sdet.framework.steps.RetailAcountSteps.user_click_on_account_option()
 INFO [main] (RetailAcountSteps.java:157)- User clicked on remove option of card section
  And User click on remove option of card section                   # tek.sdet.framework.steps.RetailAcountSteps.userClickOnRemoveOptionOfCardSection()
 INFO [main] (RetailAcountSteps.java:164)- payment details should be removed
  Then payment details should be removed                            # tek.sdet.framework.steps.RetailAcountSteps.paymentDetailsShouldBeRemoved()
]]></system-out>
    <system-err><![CDATA[Starting ChromeDriver 111.0.5563.64 (c710e93d5b63b7095afe8c2c17df34408078439d-refs/branch-heads/5563@{#995}) on port 63495
Only local connections are allowed.
Please see https://chromedriver.chromium.org/security-considerations for suggestions on keeping ChromeDriver safe.
ChromeDriver was started successfully.
Mar 13, 2023 3:52:01 PM org.openqa.selenium.remote.ProtocolHandshake createSession
INFO: Detected upstream dialect: W3C
Mar 13, 2023 3:52:01 PM org.openqa.selenium.devtools.CdpVersionFinder findNearestMatch
WARNING: Unable to find an exact match for CDP version 111, so returning the closest version found: a no-op implementation
Mar 13, 2023 3:52:01 PM org.openqa.selenium.devtools.CdpVersionFinder findNearestMatch
INFO: Unable to find CDP implementation matching 111.
Mar 13, 2023 3:52:01 PM org.openqa.selenium.chromium.ChromiumDriver lambda$new$3
WARNING: Unable to find version of CDP to use for . You may need to include a dependency on a specific version of the CDP using something similar to `org.seleniumhq.selenium:selenium-devtools-v86:4.4.0` where the version ("v86") matches the version of the chromium-based browser you're using and the version number of the artifact is the same as Selenium's.
]]></system-err>
  </testcase>
  <testcase name="Verify User can add an Address" classname="Retail Account Page" time="13.409">
    <system-out><![CDATA[
@smokeTest
Scenario: Verify User can add an Address                            # features/RetailAccount.feature:68
 INFO [main] (HomeSteps.java:24)- user is on retail website
 INFO [main] (HomeSteps.java:25)- Actual Title React App Equals  ExpectedTitle React App
  Given User is on retail website                                   # tek.sdet.framework.steps.HomeSteps.userIsOnRetailWebsite()
 INFO [main] (SignInSteps.java:23)- user clicked on sign in option
  When User click on Sign in option                                 # tek.sdet.framework.steps.SignInSteps.userClickOnSignInBtn()
 INFO [main] (SignInSteps.java:30)- User Entered email qaTester@gmail.comuser Entered password Tek@1234
  And User enter email 'qaTester@gmail.com' and password 'Tek@1234' # tek.sdet.framework.steps.SignInSteps.userEnterEmailAndPassword(java.lang.String,java.lang.String)
 INFO [main] (SignInSteps.java:37)- Login button is enabled
  And User click on login button                                    # tek.sdet.framework.steps.SignInSteps.userClickOnLoginButton()
  And User should be logged in into Account                         # tek.sdet.framework.steps.SignInSteps.userShouldBeLoggedInintoAccount()
 INFO [main] (RetailAcountSteps.java:21)- User clicked on Account Button
  And User click on Account option                                  # tek.sdet.framework.steps.RetailAcountSteps.user_click_on_account_option()
 INFO [main] (RetailAcountSteps.java:171)- User clicked on Add address option
  And User click on Add address option                              # tek.sdet.framework.steps.RetailAcountSteps.userClickOnAddAddressOption()
 INFO [main] (RetailAcountSteps.java:192)- user filled new address form with below information
  And user fill new address form with below information             # tek.sdet.framework.steps.RetailAcountSteps.userFillNewAddressFormWithBelowInformation(io.cucumber.datatable.DataTable)
    | country | fullName | phoneNumber | streetAddress     | apt  | city       | state   | zipCode |
    | Canada  | TekTest  | 6472543277  | 201 Van Horne Ave | 1782 | North York | Ontario | 49875   |
 INFO [main] (RetailAcountSteps.java:198)- User click Add Your Address button
  And User click Add Your Address button                            # tek.sdet.framework.steps.RetailAcountSteps.userClickAddYourAddressButton()
 INFO [main] (RetailAcountSteps.java:205)- a message should be displayed ‘Address Added Successfully’
  Then a message should be displayed â€˜Address Added Successfullyâ€™   # tek.sdet.framework.steps.RetailAcountSteps.aMessageShouldBeDisplayedAddressAddedSuccessfully()
]]></system-out>
    <system-err><![CDATA[Starting ChromeDriver 111.0.5563.64 (c710e93d5b63b7095afe8c2c17df34408078439d-refs/branch-heads/5563@{#995}) on port 56504
Only local connections are allowed.
Please see https://chromedriver.chromium.org/security-considerations for suggestions on keeping ChromeDriver safe.
ChromeDriver was started successfully.
Mar 13, 2023 3:52:13 PM org.openqa.selenium.remote.ProtocolHandshake createSession
INFO: Detected upstream dialect: W3C
Mar 13, 2023 3:52:13 PM org.openqa.selenium.devtools.CdpVersionFinder findNearestMatch
WARNING: Unable to find an exact match for CDP version 111, so returning the closest version found: a no-op implementation
Mar 13, 2023 3:52:13 PM org.openqa.selenium.devtools.CdpVersionFinder findNearestMatch
INFO: Unable to find CDP implementation matching 111.
Mar 13, 2023 3:52:13 PM org.openqa.selenium.chromium.ChromiumDriver lambda$new$3
WARNING: Unable to find version of CDP to use for . You may need to include a dependency on a specific version of the CDP using something similar to `org.seleniumhq.selenium:selenium-devtools-v86:4.4.0` where the version ("v86") matches the version of the chromium-based browser you're using and the version number of the artifact is the same as Selenium's.
]]></system-err>
  </testcase>
  <testcase name="Verify User can edit an Address added on account" classname="Retail Account Page" time="15.674">
    <system-out><![CDATA[
@smokeTest
Scenario: Verify User can edit an Address added on account          # features/RetailAccount.feature:82
 INFO [main] (HomeSteps.java:24)- user is on retail website
 INFO [main] (HomeSteps.java:25)- Actual Title React App Equals  ExpectedTitle React App
  Given User is on retail website                                   # tek.sdet.framework.steps.HomeSteps.userIsOnRetailWebsite()
 INFO [main] (SignInSteps.java:23)- user clicked on sign in option
  When User click on Sign in option                                 # tek.sdet.framework.steps.SignInSteps.userClickOnSignInBtn()
 INFO [main] (SignInSteps.java:30)- User Entered email qaTester@gmail.comuser Entered password Tek@1234
  And User enter email 'qaTester@gmail.com' and password 'Tek@1234' # tek.sdet.framework.steps.SignInSteps.userEnterEmailAndPassword(java.lang.String,java.lang.String)
 INFO [main] (SignInSteps.java:37)- Login button is enabled
  And User click on login button                                    # tek.sdet.framework.steps.SignInSteps.userClickOnLoginButton()
  And User should be logged in into Account                         # tek.sdet.framework.steps.SignInSteps.userShouldBeLoggedInintoAccount()
 INFO [main] (RetailAcountSteps.java:21)- User clicked on Account Button
  And User click on Account option                                  # tek.sdet.framework.steps.RetailAcountSteps.user_click_on_account_option()
 INFO [main] (RetailAcountSteps.java:21)- User clicked on Account Button
  And User click on Account option                                  # tek.sdet.framework.steps.RetailAcountSteps.user_click_on_account_option()
 INFO [main] (RetailAcountSteps.java:212)- User clicked on edit address option
  And User click on edit address option                             # tek.sdet.framework.steps.RetailAcountSteps.userClickOnEditAddressOption()
 INFO [main] (RetailAcountSteps.java:192)- user filled new address form with below information
  And user fill new address form with below information             # tek.sdet.framework.steps.RetailAcountSteps.userFillNewAddressFormWithBelowInformation(io.cucumber.datatable.DataTable)
    | country       | fullName | phoneNumber | streetAddress          | apt | city    | state    | zipCode |
    | United States | NewTest  | 6478154658  | 1383 victoria park ave | 147 | Toronto | New York | 54857   |
 INFO [main] (RetailAcountSteps.java:219)- User clicked update Your Address button
  And User click update Your Address button                         # tek.sdet.framework.steps.RetailAcountSteps.userClickUpdateYourAddressButton()
 INFO [main] (RetailAcountSteps.java:226)- a message should be displayed ‘Address Updated Successfully’
  Then a message should be displayed â€˜Address Updated Successfullyâ€™ # tek.sdet.framework.steps.RetailAcountSteps.aMessageShouldBeDisplayedAddressUpdatedSuccessfully()
]]></system-out>
    <system-err><![CDATA[Starting ChromeDriver 111.0.5563.64 (c710e93d5b63b7095afe8c2c17df34408078439d-refs/branch-heads/5563@{#995}) on port 60015
Only local connections are allowed.
Please see https://chromedriver.chromium.org/security-considerations for suggestions on keeping ChromeDriver safe.
ChromeDriver was started successfully.
Mar 13, 2023 3:52:28 PM org.openqa.selenium.remote.ProtocolHandshake createSession
INFO: Detected upstream dialect: W3C
Mar 13, 2023 3:52:28 PM org.openqa.selenium.devtools.CdpVersionFinder findNearestMatch
WARNING: Unable to find an exact match for CDP version 111, so returning the closest version found: a no-op implementation
Mar 13, 2023 3:52:28 PM org.openqa.selenium.devtools.CdpVersionFinder findNearestMatch
INFO: Unable to find CDP implementation matching 111.
Mar 13, 2023 3:52:28 PM org.openqa.selenium.chromium.ChromiumDriver lambda$new$3
WARNING: Unable to find version of CDP to use for . You may need to include a dependency on a specific version of the CDP using something similar to `org.seleniumhq.selenium:selenium-devtools-v86:4.4.0` where the version ("v86") matches the version of the chromium-based browser you're using and the version number of the artifact is the same as Selenium's.
]]></system-err>
  </testcase>
  <testcase name="Verify User can remove Address from Account" classname="Retail Account Page" time="12.021">
    <system-out><![CDATA[
@smokeTest
Scenario: Verify User can remove Address from Account               # features/RetailAccount.feature:97
 INFO [main] (HomeSteps.java:24)- user is on retail website
 INFO [main] (HomeSteps.java:25)- Actual Title React App Equals  ExpectedTitle React App
  Given User is on retail website                                   # tek.sdet.framework.steps.HomeSteps.userIsOnRetailWebsite()
 INFO [main] (SignInSteps.java:23)- user clicked on sign in option
  When User click on Sign in option                                 # tek.sdet.framework.steps.SignInSteps.userClickOnSignInBtn()
 INFO [main] (SignInSteps.java:30)- User Entered email qaTester@gmail.comuser Entered password Tek@1234
  And User enter email 'qaTester@gmail.com' and password 'Tek@1234' # tek.sdet.framework.steps.SignInSteps.userEnterEmailAndPassword(java.lang.String,java.lang.String)
 INFO [main] (SignInSteps.java:37)- Login button is enabled
  And User click on login button                                    # tek.sdet.framework.steps.SignInSteps.userClickOnLoginButton()
  And User should be logged in into Account                         # tek.sdet.framework.steps.SignInSteps.userShouldBeLoggedInintoAccount()
 INFO [main] (RetailAcountSteps.java:21)- User clicked on Account Button
  And User click on Account option                                  # tek.sdet.framework.steps.RetailAcountSteps.user_click_on_account_option()
 INFO [main] (RetailAcountSteps.java:21)- User clicked on Account Button
  And User click on Account option                                  # tek.sdet.framework.steps.RetailAcountSteps.user_click_on_account_option()
 INFO [main] (RetailAcountSteps.java:233)- User click on remove option of Address section
  And User click on remove option of Address section                # tek.sdet.framework.steps.RetailAcountSteps.userClickOnRemoveOptionOfAddressSection()
 INFO [main] (RetailAcountSteps.java:238)- Address details should be removed
  Then Address details should be removed                            # tek.sdet.framework.steps.RetailAcountSteps.addressDetailsShouldBeRemoved()
]]></system-out>
    <system-err><![CDATA[Starting ChromeDriver 111.0.5563.64 (c710e93d5b63b7095afe8c2c17df34408078439d-refs/branch-heads/5563@{#995}) on port 55514
Only local connections are allowed.
Please see https://chromedriver.chromium.org/security-considerations for suggestions on keeping ChromeDriver safe.
ChromeDriver was started successfully.
Mar 13, 2023 3:52:43 PM org.openqa.selenium.remote.ProtocolHandshake createSession
INFO: Detected upstream dialect: W3C
Mar 13, 2023 3:52:43 PM org.openqa.selenium.devtools.CdpVersionFinder findNearestMatch
WARNING: Unable to find an exact match for CDP version 111, so returning the closest version found: a no-op implementation
Mar 13, 2023 3:52:43 PM org.openqa.selenium.devtools.CdpVersionFinder findNearestMatch
INFO: Unable to find CDP implementation matching 111.
Mar 13, 2023 3:52:43 PM org.openqa.selenium.chromium.ChromiumDriver lambda$new$3
WARNING: Unable to find version of CDP to use for . You may need to include a dependency on a specific version of the CDP using something similar to `org.seleniumhq.selenium:selenium-devtools-v86:4.4.0` where the version ("v86") matches the version of the chromium-based browser you're using and the version number of the artifact is the same as Selenium's.
]]></system-err>
  </testcase>
  <testcase name="Verify User can cancel the order" classname="Retail Order Page" time="49.958">
    <error message="Expected condition failed: waiting for element to be clickable: Proxy element for: DefaultElementLocator &apos;By.xpath: (//*[text()=&apos;Show Details&apos;])[1]&apos; (tried for 20 second(s) with 500 milliseconds interval)" type="org.openqa.selenium.TimeoutException"><![CDATA[org.openqa.selenium.TimeoutException: Expected condition failed: waiting for element to be clickable: Proxy element for: DefaultElementLocator 'By.xpath: (//*[text()='Show Details'])[1]' (tried for 20 second(s) with 500 milliseconds interval)
	at org.openqa.selenium.support.ui.WebDriverWait.timeoutException(WebDriverWait.java:87)
	at org.openqa.selenium.support.ui.FluentWait.until(FluentWait.java:231)
	at tek.sdet.framework.utilities.CommonUtility.waitTillClickable(CommonUtility.java:31)
	at tek.sdet.framework.utilities.CommonUtility.click(CommonUtility.java:49)
	at tek.sdet.framework.steps.RetailOrderSteps.userClickOnFirstOrderInList(RetailOrderSteps.java:21)
	at ✽.User click on first order in list(classpath:features/RetailOrder.feature:11)
[...]
 INFO [main] (SignInSteps.java:37)- Login button is enabled
  And User click on login button                                                        # tek.sdet.framework.steps.SignInSteps.userClickOnLoginButton()
  And User should be logged in into Account                                             # tek.sdet.framework.steps.SignInSteps.userShouldBeLoggedInintoAccount()
 INFO [main] (RetailOrderSteps.java:17)- User Clicked on order's button
  And User click on Orders section                                                      # tek.sdet.framework.steps.RetailOrderSteps.userClickOnOrdersSection()
  And User click on first order in list                                                 # tek.sdet.framework.steps.RetailOrderSteps.userClickOnFirstOrderInList()
      org.openqa.selenium.WebDriverException: disconnected: received Inspector.detached event
  (failed to check if window was closed: disconnected: Unable to receive message from renderer)
  (Session info: chrome=111.0.5563.65)
Build info: version: '4.4.0', revision: 'e5c75ed026a'
System info: host: 'DESKTOP-913F0VL', ip: '10.0.5.193', os.name: 'Windows 10', os.arch: 'amd64', os.version: '10.0', java.version: '17.0.4.1'
Driver info: org.openqa.selenium.chrome.ChromeDriver
Command: [17151a699b10b6cf5f6ec618cda6cb39, findElement {using=xpath, value=(//*[text()='Show Details'])[1]}]
Capabilities {acceptInsecureCerts: false, browserName: chrome, browserVersion: 111.0.5563.65, chrome: {chromedriverVersion: 111.0.5563.64 (c710e93d5b63..., userDataDir: C:\Users\smuni\AppData\Loca...}, goog:chromeOptions: {debuggerAddress: localhost:57257}, networkConnectionEnabled: false, pageLoadStrategy: normal, platformName: WINDOWS, proxy: Proxy(), se:cdp: ws://localhost:57257/devtoo..., se:cdpVersion: 111.0.5563.65, setWindowRect: true, strictFileInteractability: false, timeouts: {implicit: 0, pageLoad: 300000, script: 30000}, unhandledPromptBehavior: dismiss and notify, webauthn:extension:credBlob: true, webauthn:extension:largeBlob: true, webauthn:extension:minPinLength: true, webauthn:extension:prf: true, webauthn:virtualAuthenticators: true}
Session ID: 17151a699b10b6cf5f6ec618cda6cb39
	at java.base/jdk.internal.reflect.NativeConstructorAccessorImpl.newInstance0(Native Method)
	at java.base/jdk.internal.reflect.NativeConstructorAccessorImpl.newInstance(NativeConstructorAccessorImpl.java:77)
	at java.base/jdk.internal.reflect.DelegatingConstructorAccessorImpl.newInstance(DelegatingConstructorAccessorImpl.java:45)
	at java.base/java.lang.reflect.Constructor.newInstanceWithCaller(Constructor.java:499)
	at java.base/java.lang.reflect.Constructor.newInstance(Constructor.java:480)
	at org.openqa.selenium.remote.codec.w3c.W3CHttpResponseCodec.createException(W3CHttpResponseCodec.java:200)
	at org.openqa.selenium.remote.codec.w3c.W3CHttpResponseCodec.decode(W3CHttpResponseCodec.java:133)
	at org.openqa.selenium.remote.codec.w3c.W3CHttpResponseCodec.decode(W3CHttpResponseCodec.java:53)
	at org.openqa.selenium.remote.HttpCommandExecutor.execute(HttpCommandExecutor.java:184)
	at org.openqa.selenium.remote.service.DriverCommandExecutor.invokeExecute(DriverCommandExecutor.java:167)
	at org.openqa.selenium.remote.service.DriverCommandExecutor.execute(DriverCommandExecutor.java:142)
	at org.openqa.selenium.remote.RemoteWebDriver.execute(RemoteWebDriver.java:547)
	at org.openqa.selenium.remote.ElementLocation$ElementFinder$2.findElement(ElementLocation.java:162)
	at org.openqa.selenium.remote.ElementLocation.findElement(ElementLocation.java:60)
	at org.openqa.selenium.remote.RemoteWebDriver.findElement(RemoteWebDriver.java:365)
	at org.openqa.selenium.remote.RemoteWebDriver.findElement(RemoteWebDriver.java:357)
	at org.openqa.selenium.support.pagefactory.DefaultElementLocator.findElement(DefaultElementLocator.java:70)
	at org.openqa.selenium.support.pagefactory.internal.LocatingElementHandler.invoke(LocatingElementHandler.java:39)
	at jdk.proxy2/jdk.proxy2.$Proxy26.isDisplayed(Unknown Source)
	at org.openqa.selenium.support.ui.ExpectedConditions.elementIfVisible(ExpectedConditions.java:307)
	at org.openqa.selenium.support.ui.ExpectedConditions.access$000(ExpectedConditions.java:40)
	at org.openqa.selenium.support.ui.ExpectedConditions$10.apply(ExpectedConditions.java:293)
	at org.openqa.selenium.support.ui.ExpectedConditions$10.apply(ExpectedConditions.java:290)
	at org.openqa.selenium.support.ui.ExpectedConditions$23.apply(ExpectedConditions.java:660)
	at org.openqa.selenium.support.ui.ExpectedConditions$23.apply(ExpectedConditions.java:656)
	at org.openqa.selenium.support.ui.FluentWait.until(FluentWait.java:208)
	at tek.sdet.framework.utilities.CommonUtility.waitTillClickable(CommonUtility.java:31)
	at tek.sdet.framework.utilities.CommonUtility.click(CommonUtility.java:49)
	at tek.sdet.framework.steps.RetailOrderSteps.userClickOnFirstOrderInList(RetailOrderSteps.java:21)
	at âœ½.User click on first order in list(classpath:features/RetailOrder.feature:38)

  And User click on Review button                                                       # tek.sdet.framework.steps.RetailOrderSteps.userClickOnReviewButton()
  And User write Review headline 'Quality is Beyond Expectation' and 'Worth the money!' # tek.sdet.framework.steps.RetailOrderSteps.userWriteReviewHeadlineHeadlineValueAndReviewText(java.lang.String,java.lang.String)
  And User click Add your Review button                                                 # tek.sdet.framework.steps.RetailOrderSteps.userClickAddYourReviewButton()
  Then a review message should be displayed â€˜Your review was added successfullyâ€™        # tek.sdet.framework.steps.RetailOrderSteps.aReviewMessageShouldBeDisplayedYourReviewWasAddedSuccessfully()
      org.openqa.selenium.NoSuchWindowException: no such window: target window already closed
from unknown error: web view not found
  (Session info: chrome=111.0.5563.65)
Build info: version: '4.4.0', revision: 'e5c75ed026a'
System info: host: 'DESKTOP-913F0VL', ip: '10.0.5.193', os.name: 'Windows 10', os.arch: 'amd64', os.version: '10.0', java.version: '17.0.4.1'
Driver info: org.openqa.selenium.chrome.ChromeDriver
Command: [17151a699b10b6cf5f6ec618cda6cb39, screenshot {}]
Capabilities {acceptInsecureCerts: false, browserName: chrome, browserVersion: 111.0.5563.65, chrome: {chromedriverVersion: 111.0.5563.64 (c710e93d5b63..., userDataDir: C:\Users\smuni\AppData\Loca...}, goog:chromeOptions: {debuggerAddress: localhost:57257}, networkConnectionEnabled: false, pageLoadStrategy: normal, platformName: WINDOWS, proxy: Proxy(), se:cdp: ws://localhost:57257/devtoo..., se:cdpVersion: 111.0.5563.65, setWindowRect: true, strictFileInteractability: false, timeouts: {implicit: 0, pageLoad: 300000, script: 30000}, unhandledPromptBehavior: dismiss and notify, webauthn:extension:credBlob: true, webauthn:extension:largeBlob: true, webauthn:extension:minPinLength: true, webauthn:extension:prf: true, webauthn:virtualAuthenticators: true}
Session ID: 17151a699b10b6cf5f6ec618cda6cb39
	at java.base/jdk.internal.reflect.NativeConstructorAccessorImpl.newInstance0(Native Method)
	at java.base/jdk.internal.reflect.NativeConstructorAccessorImpl.newInstance(NativeConstructorAccessorImpl.java:77)
	at java.base/jdk.internal.reflect.DelegatingConstructorAccessorImpl.newInstance(DelegatingConstructorAccessorImpl.java:45)
	at java.base/java.lang.reflect.Constructor.newInstanceWithCaller(Constructor.java:499)
	at java.base/java.lang.reflect.Constructor.newInstance(Constructor.java:480)
	at org.openqa.selenium.remote.codec.w3c.W3CHttpResponseCodec.createException(W3CHttpResponseCodec.java:200)
	at org.openqa.selenium.remote.codec.w3c.W3CHttpResponseCodec.decode(W3CHttpResponseCodec.java:133)
	at org.openqa.selenium.remote.codec.w3c.W3CHttpResponseCodec.decode(W3CHttpResponseCodec.java:53)
	at org.openqa.selenium.remote.HttpCommandExecutor.execute(HttpCommandExecutor.java:184)
	at org.openqa.selenium.remote.service.DriverCommandExecutor.invokeExecute(DriverCommandExecutor.java:167)
	at org.openqa.selenium.remote.service.DriverCommandExecutor.execute(DriverCommandExecutor.java:142)
	at org.openqa.selenium.remote.RemoteWebDriver.execute(RemoteWebDriver.java:547)
	at org.openqa.selenium.remote.RemoteWebDriver.execute(RemoteWebDriver.java:602)
	at org.openqa.selenium.remote.RemoteWebDriver.execute(RemoteWebDriver.java:606)
	at org.openqa.selenium.remote.RemoteWebDriver.getScreenshotAs(RemoteWebDriver.java:331)
	at tek.sdet.framework.utilities.CommonUtility.takeScreenShotAsBytes(CommonUtility.java:62)
	at tek.sdet.framework.base.BaseUITest.closeTest(BaseUITest.java:18)

]]></system-out>
    <system-err><![CDATA[Starting ChromeDriver 111.0.5563.64 (c710e93d5b63b7095afe8c2c17df34408078439d-refs/branch-heads/5563@{#995}) on port 64552
Only local connections are allowed.
Please see https://chromedriver.chromium.org/security-considerations for suggestions on keeping ChromeDriver safe.
ChromeDriver was started successfully.
Mar 13, 2023 3:54:18 PM org.openqa.selenium.remote.ProtocolHandshake createSession
INFO: Detected upstream dialect: W3C
Mar 13, 2023 3:54:18 PM org.openqa.selenium.devtools.CdpVersionFinder findNearestMatch
WARNING: Unable to find an exact match for CDP version 111, so returning the closest version found: a no-op implementation
Mar 13, 2023 3:54:18 PM org.openqa.selenium.devtools.CdpVersionFinder findNearestMatch
INFO: Unable to find CDP implementation matching 111.
Mar 13, 2023 3:54:18 PM org.openqa.selenium.chromium.ChromiumDriver lambda$new$3
WARNING: Unable to find version of CDP to use for . You may need to include a dependency on a specific version of the CDP using something similar to `org.seleniumhq.selenium:selenium-devtools-v86:4.4.0` where the version ("v86") matches the version of the chromium-based browser you're using and the version number of the artifact is the same as Selenium's.
[1678737285.078][SEVERE]: Unable to receive message from renderer
]]></system-err>
  </testcase>
  <testcase name="Verify User can write a review on order placed" classname="Retail Order Page" time="27.6">
    <error message="no such window: target window already closed&#10;from unknown error: web view not found&#10;  (Session info: chrome=111.0.5563.65)&#10;Build info: version: &apos;4.4.0&apos;, revision: &apos;e5c75ed026a&apos;&#10;System info: host: &apos;DESKTOP-913F0VL&apos;, ip: &apos;10.0.5.193&apos;, os.name: &apos;Windows 10&apos;, os.arch: &apos;amd64&apos;, os.version: &apos;10.0&apos;, java.version: &apos;17.0.4.1&apos;&#10;Driver info: org.openqa.selenium.chrome.ChromeDriver&#10;Command: [17151a699b10b6cf5f6ec618cda6cb39, screenshot {}]&#10;Capabilities {acceptInsecureCerts: false, browserName: chrome, browserVersion: 111.0.5563.65, chrome: {chromedriverVersion: 111.0.5563.64 (c710e93d5b63..., userDataDir: C:\Users\smuni\AppData\Loca...}, goog:chromeOptions: {debuggerAddress: localhost:57257}, networkConnectionEnabled: false, pageLoadStrategy: normal, platformName: WINDOWS, proxy: Proxy(), se:cdp: ws://localhost:57257/devtoo..., se:cdpVersion: 111.0.5563.65, setWindowRect: true, strictFileInteractability: false, timeouts: {implicit: 0, pageLoad: 300000, script: 30000}, unhandledPromptBehavior: dismiss and notify, webauthn:extension:credBlob: true, webauthn:extension:largeBlob: true, webauthn:extension:minPinLength: true, webauthn:extension:prf: true, webauthn:virtualAuthenticators: true}&#10;Session ID: 17151a699b10b6cf5f6ec618cda6cb39" type="org.openqa.selenium.NoSuchWindowException"><![CDATA[org.openqa.selenium.NoSuchWindowException: 
no such window: target window already closed
from unknown error: web view not found
  (Session info: chrome=111.0.5563.65)
Build info: version: '4.4.0', revision: 'e5c75ed026a'
System info: host: 'DESKTOP-913F0VL', ip: '10.0.5.193', os.name: 'Windows 10', os.arch: 'amd64', os.version: '10.0', java.version: '17.0.4.1'
Driver info: org.openqa.selenium.chrome.ChromeDriver
Command: [17151a699b10b6cf5f6ec618cda6cb39, screenshot {}]
Capabilities {acceptInsecureCerts: false, browserName: chrome, browserVersion: 111.0.5563.65, chrome: {chromedriverVersion: 111.0.5563.64 (c710e93d5b63..., userDataDir: C:\Users\smuni\AppData\Loca...}, goog:chromeOptions: {debuggerAddress: localhost:57257}, networkConnectionEnabled: false, pageLoadStrategy: normal, platformName: WINDOWS, proxy: Proxy(), se:cdp: ws://localhost:57257/devtoo..., se:cdpVersion: 111.0.5563.65, setWindowRect: true, strictFileInteractability: false, timeouts: {implicit: 0, pageLoad: 300000, script: 30000}, unhandledPromptBehavior: dismiss and notify, webauthn:extension:credBlob: true, webauthn:extension:largeBlob: true, webauthn:extension:minPinLength: true, webauthn:extension:prf: true, webauthn:virtualAuthenticators: true}
Session ID: 17151a699b10b6cf5f6ec618cda6cb39
	at java.base/jdk.internal.reflect.NativeConstructorAccessorImpl.newInstance0(Native Method)
	at java.base/jdk.internal.reflect.NativeConstructorAccessorImpl.newInstance(NativeConstructorAccessorImpl.java:77)
	at java.base/jdk.internal.reflect.DelegatingConstructorAccessorImpl.newInstance(DelegatingConstructorAccessorImpl.java:45)
	at java.base/java.lang.reflect.Constructor.newInstanceWithCaller(Constructor.java:499)
	at java.base/java.lang.reflect.Constructor.newInstance(Constructor.java:480)
	at org.openqa.selenium.remote.codec.w3c.W3CHttpResponseCodec.createException(W3CHttpResponseCodec.java:200)
	at org.openqa.selenium.remote.codec.w3c.W3CHttpResponseCodec.decode(W3CHttpResponseCodec.java:133)
	at org.openqa.selenium.remote.codec.w3c.W3CHttpResponseCodec.decode(W3CHttpResponseCodec.java:53)
	at org.openqa.selenium.remote.HttpCommandExecutor.execute(HttpCommandExecutor.java:184)
	at org.openqa.selenium.remote.service.DriverCommandExecutor.invokeExecute(DriverCommandExecutor.java:167)
	at org.openqa.selenium.remote.service.DriverCommandExecutor.execute(DriverCommandExecutor.java:142)
	at org.openqa.selenium.remote.RemoteWebDriver.execute(RemoteWebDriver.java:547)
	at org.openqa.selenium.remote.RemoteWebDriver.execute(RemoteWebDriver.java:602)
	at org.openqa.selenium.remote.RemoteWebDriver.execute(RemoteWebDriver.java:606)
	at org.openqa.selenium.remote.RemoteWebDriver.getScreenshotAs(RemoteWebDriver.java:331)
	at tek.sdet.framework.utilities.CommonUtility.takeScreenShotAsBytes(CommonUtility.java:62)
	at tek.sdet.framework.base.BaseUITest.closeTest(BaseUITest.java:18)
]]></error>
  </testcase>
  <testcase name="Verify user can sign in into Retail Application" classname="Sign in Feature" time="9.936">
    <system-out><![CDATA[
@smokeTest
Scenario: Verify user can sign in into Retail Application           # features/SignIn.feature:4
 INFO [main] (HomeSteps.java:24)- user is on retail website
 INFO [main] (HomeSteps.java:25)- Actual Title React App Equals  ExpectedTitle React App
  Given User is on retail website                                   # tek.sdet.framework.steps.HomeSteps.userIsOnRetailWebsite()
 INFO [main] (SignInSteps.java:23)- user clicked on sign in option
  When User click on Sign in option                                 # tek.sdet.framework.steps.SignInSteps.userClickOnSignInBtn()
 INFO [main] (SignInSteps.java:30)- User Entered email qaTester@gmail.comuser Entered password Tek@1234
  And User enter email 'qaTester@gmail.com' and password 'Tek@1234' # tek.sdet.framework.steps.SignInSteps.userEnterEmailAndPassword(java.lang.String,java.lang.String)
 INFO [main] (SignInSteps.java:37)- Login button is enabled
  And User click on login button                                    # tek.sdet.framework.steps.SignInSteps.userClickOnLoginButton()
  Then User should be logged in into Account                        # tek.sdet.framework.steps.SignInSteps.userShouldBeLoggedInintoAccount()
]]></system-out>
    <system-err><![CDATA[Starting ChromeDriver 111.0.5563.64 (c710e93d5b63b7095afe8c2c17df34408078439d-refs/branch-heads/5563@{#995}) on port 54818
Only local connections are allowed.
Please see https://chromedriver.chromium.org/security-considerations for suggestions on keeping ChromeDriver safe.
ChromeDriver was started successfully.
Mar 13, 2023 3:54:47 PM org.openqa.selenium.remote.ProtocolHandshake createSession
INFO: Detected upstream dialect: W3C
Mar 13, 2023 3:54:47 PM org.openqa.selenium.devtools.CdpVersionFinder findNearestMatch
WARNING: Unable to find an exact match for CDP version 111, so returning the closest version found: a no-op implementation
Mar 13, 2023 3:54:47 PM org.openqa.selenium.devtools.CdpVersionFinder findNearestMatch
INFO: Unable to find CDP implementation matching 111.
Mar 13, 2023 3:54:47 PM org.openqa.selenium.chromium.ChromiumDriver lambda$new$3
WARNING: Unable to find version of CDP to use for . You may need to include a dependency on a specific version of the CDP using something similar to `org.seleniumhq.selenium:selenium-devtools-v86:4.4.0` where the version ("v86") matches the version of the chromium-based browser you're using and the version number of the artifact is the same as Selenium's.
]]></system-err>
  </testcase>
  <testcase name="Verify user can create an acount into Retail website" classname="Sign in Feature" time="9.638">
    <system-out><![CDATA[
@smokeTest
Scenario: Verify user can create an acount into Retail website # features/SignIn.feature:11
 INFO [main] (HomeSteps.java:24)- user is on retail website
 INFO [main] (HomeSteps.java:25)- Actual Title React App Equals  ExpectedTitle React App
  Given User is on retail website                              # tek.sdet.framework.steps.HomeSteps.userIsOnRetailWebsite()
 INFO [main] (SignInSteps.java:23)- user clicked on sign in option
  When User click on Sign in option                            # tek.sdet.framework.steps.SignInSteps.userClickOnSignInBtn()
 INFO [main] (SignInSteps.java:49)- user clicked on create new acount button
  And User click on create New Account button                  # tek.sdet.framework.steps.SignInSteps.userClickOnCreateNewAccountButton()
  And User fill the signUp information with below data         # tek.sdet.framework.steps.SignInSteps.userFillTheSignUpInformationWithBelowData(io.cucumber.datatable.DataTable)
    | name | email                | password  | confirmPassword |
    | test | tek.sabm07@gmail.com | Tek@12347 | Tek@12347       |
 INFO [main] (SignInSteps.java:66)- User clicked on sign up button
  And User click on SignUp button                              # tek.sdet.framework.steps.SignInSteps.userClickOnSignUpButton()
 INFO [main] (SignInSteps.java:74)- user is logged in into account page
  Then User should be logged into account page                 # tek.sdet.framework.steps.SignInSteps.userShouldBeLoggedIntoAccountPage()
]]></system-out>
    <system-err><![CDATA[Starting ChromeDriver 111.0.5563.64 (c710e93d5b63b7095afe8c2c17df34408078439d-refs/branch-heads/5563@{#995}) on port 56748
Only local connections are allowed.
Please see https://chromedriver.chromium.org/security-considerations for suggestions on keeping ChromeDriver safe.
ChromeDriver was started successfully.
Mar 13, 2023 3:54:56 PM org.openqa.selenium.remote.ProtocolHandshake createSession
INFO: Detected upstream dialect: W3C
Mar 13, 2023 3:54:56 PM org.openqa.selenium.devtools.CdpVersionFinder findNearestMatch
WARNING: Unable to find an exact match for CDP version 111, so returning the closest version found: a no-op implementation
Mar 13, 2023 3:54:56 PM org.openqa.selenium.devtools.CdpVersionFinder findNearestMatch
INFO: Unable to find CDP implementation matching 111.
Mar 13, 2023 3:54:56 PM org.openqa.selenium.chromium.ChromiumDriver lambda$new$3
WARNING: Unable to find version of CDP to use for . You may need to include a dependency on a specific version of the CDP using something similar to `org.seleniumhq.selenium:selenium-devtools-v86:4.4.0` where the version ("v86") matches the version of the chromium-based browser you're using and the version number of the artifact is the same as Selenium's.
]]></system-err>
  </testcase>
</testsuite>