<?xml version="1.0" encoding="UTF-8"?>
<testsuite xmlns:xsi="http://www.w3.org/2001/XMLSchema-instance" xsi:noNamespaceSchemaLocation="https://maven.apache.org/surefire/maven-surefire-plugin/xsd/surefire-test-report-3.0.xsd" version="3.0" name="tek.sdet.framework.runner.TestRunner" time="100.855" tests="22" errors="22" skipped="0" failures="0">
  <properties>
[...]
</properties>
  <testcase name="Verify Shop by Department sidebar" classname="Retail Home Page" time="6.114">
    <error message="The step &apos;User is on retail website&apos; is undefined.&#10;You can implement this step using the snippet(s) below:&#10;&#10;@Given(&quot;User is on retail website&quot;)&#10;public void userIsOnRetailWebsite() {&#10;    // Write code here that turns the phrase above into concrete actions&#10;    throw new io.cucumber.java.PendingException();&#10;}&#10;" type="io.cucumber.junit.UndefinedStepException"><![CDATA[io.cucumber.junit.UndefinedStepException: 
The step 'User is on retail website' is undefined.
You can implement this step using the snippet(s) below:

@Given("User is on retail website")
public void userIsOnRetailWebsite() {
    // Write code here that turns the phrase above into concrete actions
    throw new io.cucumber.java.PendingException();
}

]]></error>
    <system-out><![CDATA[
@smokeTest
Scenario: Verify Shop by Department sidebar                         # features/Home.feature:9
  Given User is on retail website
  When User click on Sign in option                                 # tek.sdet.framework.steps.SignInSteps.userClickOnSignInBtn()
  And User enter email 'saboor12@gmail.com' and password 'Tek@1234' # tek.sdet.framework.steps.SignInSteps.userEnterEmailAndPassword(java.lang.String,java.lang.String)
  When User click on All section                                    # tek.sdet.framework.steps.HomeSteps.userClickOnAllSection()
  Then below options are present in Shop by Department sidebar      # tek.sdet.framework.steps.HomeSteps.belowOptionsArePresentInShopByDepartmentSidebar(io.cucumber.datatable.DataTable)
    | Electronics | Computers | Smart Home | Sports | Automative |
]]></system-out>
    <system-err><![CDATA[SLF4J: Failed to load class "org.slf4j.impl.StaticLoggerBinder".
SLF4J: Defaulting to no-operation (NOP) logger implementation
SLF4J: See http://www.slf4j.org/codes.html#StaticLoggerBinder for further details.
ERROR StatusLogger Log4j2 could not find a logging implementation. Please add log4j-core to the classpath. Using SimpleLogger to log to the console...
Starting ChromeDriver 110.0.5481.77 (65ed616c6e8ee3fe0ad64fe83796c020644d42af-refs/branch-heads/5481@{#839}) on port 54496
Only local connections are allowed.
Please see https://chromedriver.chromium.org/security-considerations for suggestions on keeping ChromeDriver safe.
ChromeDriver was started successfully.
[1677548293.867][WARNING]: virtual void DevToolsClientImpl::AddListener(DevToolsEventListener *) subscribing a listener to the already connected DevToolsClient. Connection notification will not arrive.
Feb 27, 2023 8:38:13 PM org.openqa.selenium.remote.ProtocolHandshake createSession
INFO: Detected upstream dialect: W3C
Feb 27, 2023 8:38:14 PM org.openqa.selenium.devtools.CdpVersionFinder findNearestMatch
WARNING: Unable to find an exact match for CDP version 110, so returning the closest version found: a no-op implementation
Feb 27, 2023 8:38:14 PM org.openqa.selenium.devtools.CdpVersionFinder findNearestMatch
INFO: Unable to find CDP implementation matching 110.
Feb 27, 2023 8:38:14 PM org.openqa.selenium.chromium.ChromiumDriver lambda$new$3
WARNING: Unable to find version of CDP to use for . You may need to include a dependency on a specific version of the CDP using something similar to `org.seleniumhq.selenium:selenium-devtools-v86:4.4.0` where the version ("v86") matches the version of the chromium-based browser you're using and the version number of the artifact is the same as Selenium's.
]]></system-err>
  </testcase>
  <testcase name="Verify department sidebar options #1" classname="Retail Home Page" time="4.297">
    <error message="The step &apos;User is on retail website&apos; is undefined.&#10;You can implement this step using the snippet(s) below:&#10;&#10;@Given(&quot;User is on retail website&quot;)&#10;public void userIsOnRetailWebsite() {&#10;    // Write code here that turns the phrase above into concrete actions&#10;    throw new io.cucumber.java.PendingException();&#10;}&#10;" type="io.cucumber.junit.UndefinedStepException"><![CDATA[io.cucumber.junit.UndefinedStepException: 
The step 'User is on retail website' is undefined.
You can implement this step using the snippet(s) below:

@Given("User is on retail website")
public void userIsOnRetailWebsite() {
    // Write code here that turns the phrase above into concrete actions
    throw new io.cucumber.java.PendingException();
}

]]></error>
    <system-out><![CDATA[
@smokeTest
Scenario Outline: Verify department sidebar options                 # features/Home.feature:22
  Given User is on retail website
  When User click on Sign in option                                 # tek.sdet.framework.steps.SignInSteps.userClickOnSignInBtn()
  And User enter email 'saboor12@gmail.com' and password 'Tek@1234' # tek.sdet.framework.steps.SignInSteps.userEnterEmailAndPassword(java.lang.String,java.lang.String)
  When User click on All section                                    # tek.sdet.framework.steps.HomeSteps.userClickOnAllSection()
  And User on 'Electronics'                                         # tek.sdet.framework.steps.HomeSteps.userOnElectronics(java.lang.String)
  Then below options are present in department                      # tek.sdet.framework.steps.HomeSteps.belowOptionsArePresentInDepartment(io.cucumber.datatable.DataTable)
    | TV & Video | Video Games |
]]></system-out>
    <system-err><![CDATA[Starting ChromeDriver 110.0.5481.77 (65ed616c6e8ee3fe0ad64fe83796c020644d42af-refs/branch-heads/5481@{#839}) on port 53649
Only local connections are allowed.
Please see https://chromedriver.chromium.org/security-considerations for suggestions on keeping ChromeDriver safe.
ChromeDriver was started successfully.
[1677548298.126][WARNING]: virtual void DevToolsClientImpl::AddListener(DevToolsEventListener *) subscribing a listener to the already connected DevToolsClient. Connection notification will not arrive.
Feb 27, 2023 8:38:18 PM org.openqa.selenium.remote.ProtocolHandshake createSession
INFO: Detected upstream dialect: W3C
Feb 27, 2023 8:38:18 PM org.openqa.selenium.devtools.CdpVersionFinder findNearestMatch
WARNING: Unable to find an exact match for CDP version 110, so returning the closest version found: a no-op implementation
Feb 27, 2023 8:38:18 PM org.openqa.selenium.devtools.CdpVersionFinder findNearestMatch
INFO: Unable to find CDP implementation matching 110.
Feb 27, 2023 8:38:18 PM org.openqa.selenium.chromium.ChromiumDriver lambda$new$3
WARNING: Unable to find version of CDP to use for . You may need to include a dependency on a specific version of the CDP using something similar to `org.seleniumhq.selenium:selenium-devtools-v86:4.4.0` where the version ("v86") matches the version of the chromium-based browser you're using and the version number of the artifact is the same as Selenium's.
]]></system-err>
  </testcase>
  <testcase name="Verify department sidebar options #2" classname="Retail Home Page" time="3.877">
    <error message="The step &apos;User is on retail website&apos; is undefined.&#10;You can implement this step using the snippet(s) below:&#10;&#10;@Given(&quot;User is on retail website&quot;)&#10;public void userIsOnRetailWebsite() {&#10;    // Write code here that turns the phrase above into concrete actions&#10;    throw new io.cucumber.java.PendingException();&#10;}&#10;" type="io.cucumber.junit.UndefinedStepException"><![CDATA[io.cucumber.junit.UndefinedStepException: 
The step 'User is on retail website' is undefined.
You can implement this step using the snippet(s) below:

@Given("User is on retail website")
public void userIsOnRetailWebsite() {
    // Write code here that turns the phrase above into concrete actions
    throw new io.cucumber.java.PendingException();
}

]]></error>
    <system-out><![CDATA[
@smokeTest
Scenario Outline: Verify department sidebar options                 # features/Home.feature:23
  Given User is on retail website
  When User click on Sign in option                                 # tek.sdet.framework.steps.SignInSteps.userClickOnSignInBtn()
  And User enter email 'saboor12@gmail.com' and password 'Tek@1234' # tek.sdet.framework.steps.SignInSteps.userEnterEmailAndPassword(java.lang.String,java.lang.String)
  When User click on All section                                    # tek.sdet.framework.steps.HomeSteps.userClickOnAllSection()
  And User on 'Computers'                                           # tek.sdet.framework.steps.HomeSteps.userOnElectronics(java.lang.String)
  Then below options are present in department                      # tek.sdet.framework.steps.HomeSteps.belowOptionsArePresentInDepartment(io.cucumber.datatable.DataTable)
    | Accessories | Networking |
]]></system-out>
    <system-err><![CDATA[Starting ChromeDriver 110.0.5481.77 (65ed616c6e8ee3fe0ad64fe83796c020644d42af-refs/branch-heads/5481@{#839}) on port 62963
Only local connections are allowed.
Please see https://chromedriver.chromium.org/security-considerations for suggestions on keeping ChromeDriver safe.
ChromeDriver was started successfully.
[1677548302.176][WARNING]: virtual void DevToolsClientImpl::AddListener(DevToolsEventListener *) subscribing a listener to the already connected DevToolsClient. Connection notification will not arrive.
Feb 27, 2023 8:38:22 PM org.openqa.selenium.remote.ProtocolHandshake createSession
INFO: Detected upstream dialect: W3C
Feb 27, 2023 8:38:22 PM org.openqa.selenium.devtools.CdpVersionFinder findNearestMatch
WARNING: Unable to find an exact match for CDP version 110, so returning the closest version found: a no-op implementation
Feb 27, 2023 8:38:22 PM org.openqa.selenium.devtools.CdpVersionFinder findNearestMatch
INFO: Unable to find CDP implementation matching 110.
Feb 27, 2023 8:38:22 PM org.openqa.selenium.chromium.ChromiumDriver lambda$new$3
WARNING: Unable to find version of CDP to use for . You may need to include a dependency on a specific version of the CDP using something similar to `org.seleniumhq.selenium:selenium-devtools-v86:4.4.0` where the version ("v86") matches the version of the chromium-based browser you're using and the version number of the artifact is the same as Selenium's.
]]></system-err>
  </testcase>
  <testcase name="Verify department sidebar options #3" classname="Retail Home Page" time="4.215">
    <error message="The step &apos;User is on retail website&apos; is undefined.&#10;You can implement this step using the snippet(s) below:&#10;&#10;@Given(&quot;User is on retail website&quot;)&#10;public void userIsOnRetailWebsite() {&#10;    // Write code here that turns the phrase above into concrete actions&#10;    throw new io.cucumber.java.PendingException();&#10;}&#10;" type="io.cucumber.junit.UndefinedStepException"><![CDATA[io.cucumber.junit.UndefinedStepException: 
The step 'User is on retail website' is undefined.
You can implement this step using the snippet(s) below:

@Given("User is on retail website")
public void userIsOnRetailWebsite() {
    // Write code here that turns the phrase above into concrete actions
    throw new io.cucumber.java.PendingException();
}

]]></error>
    <system-out><![CDATA[
@smokeTest
Scenario Outline: Verify department sidebar options                 # features/Home.feature:24
  Given User is on retail website
  When User click on Sign in option                                 # tek.sdet.framework.steps.SignInSteps.userClickOnSignInBtn()
  And User enter email 'saboor12@gmail.com' and password 'Tek@1234' # tek.sdet.framework.steps.SignInSteps.userEnterEmailAndPassword(java.lang.String,java.lang.String)
  When User click on All section                                    # tek.sdet.framework.steps.HomeSteps.userClickOnAllSection()
  And User on 'Smart Home'                                          # tek.sdet.framework.steps.HomeSteps.userOnElectronics(java.lang.String)
  Then below options are present in department                      # tek.sdet.framework.steps.HomeSteps.belowOptionsArePresentInDepartment(io.cucumber.datatable.DataTable)
    | Smart Home Lightning | Plugs and Outlets |
]]></system-out>
    <system-err><![CDATA[Starting ChromeDriver 110.0.5481.77 (65ed616c6e8ee3fe0ad64fe83796c020644d42af-refs/branch-heads/5481@{#839}) on port 65519
Only local connections are allowed.
Please see https://chromedriver.chromium.org/security-considerations for suggestions on keeping ChromeDriver safe.
ChromeDriver was started successfully.
[1677548306.122][WARNING]: virtual void DevToolsClientImpl::AddListener(DevToolsEventListener *) subscribing a listener to the already connected DevToolsClient. Connection notification will not arrive.
Feb 27, 2023 8:38:26 PM org.openqa.selenium.remote.ProtocolHandshake createSession
INFO: Detected upstream dialect: W3C
Feb 27, 2023 8:38:26 PM org.openqa.selenium.devtools.CdpVersionFinder findNearestMatch
WARNING: Unable to find an exact match for CDP version 110, so returning the closest version found: a no-op implementation
Feb 27, 2023 8:38:26 PM org.openqa.selenium.devtools.CdpVersionFinder findNearestMatch
INFO: Unable to find CDP implementation matching 110.
Feb 27, 2023 8:38:26 PM org.openqa.selenium.chromium.ChromiumDriver lambda$new$3
WARNING: Unable to find version of CDP to use for . You may need to include a dependency on a specific version of the CDP using something similar to `org.seleniumhq.selenium:selenium-devtools-v86:4.4.0` where the version ("v86") matches the version of the chromium-based browser you're using and the version number of the artifact is the same as Selenium's.
]]></system-err>
  </testcase>
  <testcase name="Verify department sidebar options #4" classname="Retail Home Page" time="5.687">
    <error message="The step &apos;User is on retail website&apos; is undefined.&#10;You can implement this step using the snippet(s) below:&#10;&#10;@Given(&quot;User is on retail website&quot;)&#10;public void userIsOnRetailWebsite() {&#10;    // Write code here that turns the phrase above into concrete actions&#10;    throw new io.cucumber.java.PendingException();&#10;}&#10;" type="io.cucumber.junit.UndefinedStepException"><![CDATA[io.cucumber.junit.UndefinedStepException: 
The step 'User is on retail website' is undefined.
You can implement this step using the snippet(s) below:

@Given("User is on retail website")
public void userIsOnRetailWebsite() {
    // Write code here that turns the phrase above into concrete actions
    throw new io.cucumber.java.PendingException();
}

]]></error>
    <system-out><![CDATA[
@smokeTest
Scenario Outline: Verify department sidebar options                 # features/Home.feature:25
  Given User is on retail website
  When User click on Sign in option                                 # tek.sdet.framework.steps.SignInSteps.userClickOnSignInBtn()
  And User enter email 'saboor12@gmail.com' and password 'Tek@1234' # tek.sdet.framework.steps.SignInSteps.userEnterEmailAndPassword(java.lang.String,java.lang.String)
  When User click on All section                                    # tek.sdet.framework.steps.HomeSteps.userClickOnAllSection()
  And User on 'Sports'                                              # tek.sdet.framework.steps.HomeSteps.userOnElectronics(java.lang.String)
  Then below options are present in department                      # tek.sdet.framework.steps.HomeSteps.belowOptionsArePresentInDepartment(io.cucumber.datatable.DataTable)
    | Athletic Clothing | Exercise & Fitness |
]]></system-out>
    <system-err><![CDATA[Starting ChromeDriver 110.0.5481.77 (65ed616c6e8ee3fe0ad64fe83796c020644d42af-refs/branch-heads/5481@{#839}) on port 57345
Only local connections are allowed.
Please see https://chromedriver.chromium.org/security-considerations for suggestions on keeping ChromeDriver safe.
ChromeDriver was started successfully.
[1677548310.240][WARNING]: virtual void DevToolsClientImpl::AddListener(DevToolsEventListener *) subscribing a listener to the already connected DevToolsClient. Connection notification will not arrive.
Feb 27, 2023 8:38:30 PM org.openqa.selenium.remote.ProtocolHandshake createSession
INFO: Detected upstream dialect: W3C
Feb 27, 2023 8:38:30 PM org.openqa.selenium.devtools.CdpVersionFinder findNearestMatch
WARNING: Unable to find an exact match for CDP version 110, so returning the closest version found: a no-op implementation
Feb 27, 2023 8:38:30 PM org.openqa.selenium.devtools.CdpVersionFinder findNearestMatch
INFO: Unable to find CDP implementation matching 110.
Feb 27, 2023 8:38:30 PM org.openqa.selenium.chromium.ChromiumDriver lambda$new$3
WARNING: Unable to find version of CDP to use for . You may need to include a dependency on a specific version of the CDP using something similar to `org.seleniumhq.selenium:selenium-devtools-v86:4.4.0` where the version ("v86") matches the version of the chromium-based browser you're using and the version number of the artifact is the same as Selenium's.
]]></system-err>
  </testcase>
  <testcase name="Verify department sidebar options #5" classname="Retail Home Page" time="4.472">
    <error message="The step &apos;User is on retail website&apos; is undefined.&#10;You can implement this step using the snippet(s) below:&#10;&#10;@Given(&quot;User is on retail website&quot;)&#10;public void userIsOnRetailWebsite() {&#10;    // Write code here that turns the phrase above into concrete actions&#10;    throw new io.cucumber.java.PendingException();&#10;}&#10;" type="io.cucumber.junit.UndefinedStepException"><![CDATA[io.cucumber.junit.UndefinedStepException: 
The step 'User is on retail website' is undefined.
You can implement this step using the snippet(s) below:

@Given("User is on retail website")
public void userIsOnRetailWebsite() {
    // Write code here that turns the phrase above into concrete actions
    throw new io.cucumber.java.PendingException();
}

]]></error>
    <system-out><![CDATA[
@smokeTest
Scenario Outline: Verify department sidebar options                 # features/Home.feature:26
  Given User is on retail website
  When User click on Sign in option                                 # tek.sdet.framework.steps.SignInSteps.userClickOnSignInBtn()
  And User enter email 'saboor12@gmail.com' and password 'Tek@1234' # tek.sdet.framework.steps.SignInSteps.userEnterEmailAndPassword(java.lang.String,java.lang.String)
  When User click on All section                                    # tek.sdet.framework.steps.HomeSteps.userClickOnAllSection()
  And User on 'Automative'                                          # tek.sdet.framework.steps.HomeSteps.userOnElectronics(java.lang.String)
  Then below options are present in department                      # tek.sdet.framework.steps.HomeSteps.belowOptionsArePresentInDepartment(io.cucumber.datatable.DataTable)
    | Automative Parts & Accessories | MotorCycle & Powersports |
]]></system-out>
    <system-err><![CDATA[Starting ChromeDriver 110.0.5481.77 (65ed616c6e8ee3fe0ad64fe83796c020644d42af-refs/branch-heads/5481@{#839}) on port 62267
Only local connections are allowed.
Please see https://chromedriver.chromium.org/security-considerations for suggestions on keeping ChromeDriver safe.
ChromeDriver was started successfully.
[1677548315.985][WARNING]: virtual void DevToolsClientImpl::AddListener(DevToolsEventListener *) subscribing a listener to the already connected DevToolsClient. Connection notification will not arrive.
Feb 27, 2023 8:38:36 PM org.openqa.selenium.remote.ProtocolHandshake createSession
INFO: Detected upstream dialect: W3C
Feb 27, 2023 8:38:36 PM org.openqa.selenium.devtools.CdpVersionFinder findNearestMatch
WARNING: Unable to find an exact match for CDP version 110, so returning the closest version found: a no-op implementation
Feb 27, 2023 8:38:36 PM org.openqa.selenium.devtools.CdpVersionFinder findNearestMatch
INFO: Unable to find CDP implementation matching 110.
Feb 27, 2023 8:38:36 PM org.openqa.selenium.chromium.ChromiumDriver lambda$new$3
WARNING: Unable to find version of CDP to use for . You may need to include a dependency on a specific version of the CDP using something similar to `org.seleniumhq.selenium:selenium-devtools-v86:4.4.0` where the version ("v86") matches the version of the chromium-based browser you're using and the version number of the artifact is the same as Selenium's.
]]></system-err>
  </testcase>
  <testcase name="Verify User can add an item to cart" classname="Retail Home Page" time="4.283">
    <error message="The step &apos;User is on retail website&apos; is undefined.&#10;You can implement this step using the snippet(s) below:&#10;&#10;@Given(&quot;User is on retail website&quot;)&#10;public void userIsOnRetailWebsite() {&#10;    // Write code here that turns the phrase above into concrete actions&#10;    throw new io.cucumber.java.PendingException();&#10;}&#10;" type="io.cucumber.junit.UndefinedStepException"><![CDATA[io.cucumber.junit.UndefinedStepException: 
The step 'User is on retail website' is undefined.
You can implement this step using the snippet(s) below:

@Given("User is on retail website")
public void userIsOnRetailWebsite() {
    // Write code here that turns the phrase above into concrete actions
    throw new io.cucumber.java.PendingException();
}

]]></error>
    <system-out><![CDATA[
@smokeTest
Scenario: Verify User can add an item to cart                       # features/Home.feature:28
  Given User is on retail website
  When User click on Sign in option                                 # tek.sdet.framework.steps.SignInSteps.userClickOnSignInBtn()
  And User enter email 'saboor12@gmail.com' and password 'Tek@1234' # tek.sdet.framework.steps.SignInSteps.userEnterEmailAndPassword(java.lang.String,java.lang.String)
  When User click on login button                                   # tek.sdet.framework.steps.SignInSteps.userClickOnLoginButton()
  And User should be logged in into Account                         # tek.sdet.framework.steps.SignInSteps.userShouldBeLoggedInintoAccount()
  And User change the category to 'Smart Home'                      # tek.sdet.framework.steps.HomeSteps.userChangeTheCategoryTo(java.lang.String)
  And User search for an item 'kasa outdoor smart plug'             # tek.sdet.framework.steps.HomeSteps.userSearchForAnItem(java.lang.String)
  And User click on Search icon                                     # tek.sdet.framework.steps.HomeSteps.userClickOnSearchIcon()
  And User click on item                                            # tek.sdet.framework.steps.HomeSteps.userClickOnItem()
  And User select quantity â€˜2â€™                                      # tek.sdet.framework.steps.HomeSteps.userSelectQuantity(java.lang.Integer)
  And User click add to Cart button                                 # tek.sdet.framework.steps.HomeSteps.userClickAddToCartButton()
  Then the cart icon quantity should change to â€˜2â€™                  # tek.sdet.framework.steps.HomeSteps.theCartIconQuantityShouldChangeTo(java.lang.Integer)
]]></system-out>
    <system-err><![CDATA[Starting ChromeDriver 110.0.5481.77 (65ed616c6e8ee3fe0ad64fe83796c020644d42af-refs/branch-heads/5481@{#839}) on port 61301
Only local connections are allowed.
Please see https://chromedriver.chromium.org/security-considerations for suggestions on keeping ChromeDriver safe.
ChromeDriver was started successfully.
[1677548320.778][WARNING]: virtual void DevToolsClientImpl::AddListener(DevToolsEventListener *) subscribing a listener to the already connected DevToolsClient. Connection notification will not arrive.
Feb 27, 2023 8:38:40 PM org.openqa.selenium.remote.ProtocolHandshake createSession
INFO: Detected upstream dialect: W3C
Feb 27, 2023 8:38:40 PM org.openqa.selenium.devtools.CdpVersionFinder findNearestMatch
WARNING: Unable to find an exact match for CDP version 110, so returning the closest version found: a no-op implementation
Feb 27, 2023 8:38:40 PM org.openqa.selenium.devtools.CdpVersionFinder findNearestMatch
INFO: Unable to find CDP implementation matching 110.
Feb 27, 2023 8:38:40 PM org.openqa.selenium.chromium.ChromiumDriver lambda$new$3
WARNING: Unable to find version of CDP to use for . You may need to include a dependency on a specific version of the CDP using something similar to `org.seleniumhq.selenium:selenium-devtools-v86:4.4.0` where the version ("v86") matches the version of the chromium-based browser you're using and the version number of the artifact is the same as Selenium's.
]]></system-err>
  </testcase>
  <testcase name="Verify User can place an order without Shipping address and payment Method on file" classname="Retail Home Page" time="4.502">
    <error message="The step &apos;User is on retail website&apos; is undefined.&#10;You can implement this step using the snippet(s) below:&#10;&#10;@Given(&quot;User is on retail website&quot;)&#10;public void userIsOnRetailWebsite() {&#10;    // Write code here that turns the phrase above into concrete actions&#10;    throw new io.cucumber.java.PendingException();&#10;}&#10;" type="io.cucumber.junit.UndefinedStepException"><![CDATA[io.cucumber.junit.UndefinedStepException: 
The step 'User is on retail website' is undefined.
You can implement this step using the snippet(s) below:

@Given("User is on retail website")
public void userIsOnRetailWebsite() {
    // Write code here that turns the phrase above into concrete actions
    throw new io.cucumber.java.PendingException();
}

]]></error>
    <system-out><![CDATA[
@smokeTest
Scenario: Verify User can place an order without Shipping address and payment Method on file # features/Home.feature:40
  Given User is on retail website
  When User click on Sign in option                                                          # tek.sdet.framework.steps.SignInSteps.userClickOnSignInBtn()
  And User enter email 'saboor12@gmail.com' and password 'Tek@1234'                          # tek.sdet.framework.steps.SignInSteps.userEnterEmailAndPassword(java.lang.String,java.lang.String)
  When User click on login button                                                            # tek.sdet.framework.steps.SignInSteps.userClickOnLoginButton()
  And User should be logged in into Account                                                  # tek.sdet.framework.steps.SignInSteps.userShouldBeLoggedInintoAccount()
  And User change the category to 'Smart Home'                                               # tek.sdet.framework.steps.HomeSteps.userChangeTheCategoryTo(java.lang.String)
  And User search for an item 'kasa outdoor smart plug'                                      # tek.sdet.framework.steps.HomeSteps.userSearchForAnItem(java.lang.String)
  And User click on Search icon                                                              # tek.sdet.framework.steps.HomeSteps.userClickOnSearchIcon()
  And User click on item                                                                     # tek.sdet.framework.steps.HomeSteps.userClickOnItem()
  And User select quantity â€˜2â€™                                                               # tek.sdet.framework.steps.HomeSteps.userSelectQuantity(java.lang.Integer)
  And User click add to Cart button                                                          # tek.sdet.framework.steps.HomeSteps.userClickAddToCartButton()
  Then the cart icon quantity should change to â€˜2â€™                                           # tek.sdet.framework.steps.HomeSteps.theCartIconQuantityShouldChangeTo(java.lang.Integer)
  And User click on Cart option                                                              # tek.sdet.framework.steps.HomeSteps.userClickOnCartOption()
  And User click on Proceed to Checkout button                                               # tek.sdet.framework.steps.HomeSteps.userClickOnProceedToCheckoutButton()
  And User click Add a new address link for shipping address                                 # tek.sdet.framework.steps.HomeSteps.userClickAddANewAddressLinkForShippingAddress()
  And User fill new address form with below information                                      # tek.sdet.framework.steps.HomeSteps.userFillNewAddressFormWithBelowInformation(io.cucumber.datatable.DataTable)
    | country | fullName | phoneNumber | streetAddress | apt  | city       | state   | zipCode |
    | Canada  | TestSab  | 6478942525  | 20 victoria   | 1702 | north york | ontario | 45257   |
  And User click Add Your Address button                                                     # tek.sdet.framework.steps.RetailAcountSteps.userClickAddYourAddressButton()
  And User click Add a credit card or Debit Card for Payment method                          # tek.sdet.framework.steps.HomeSteps.userClickAddACreditCardOrDebitCardForPaymentMethod()
  And User fill Debit or credit card information                                             # tek.sdet.framework.steps.RetailAcountSteps.userFillDebitOrCreditCardInformation(io.cucumber.datatable.DataTable)
    | cardNumber       | nameOnCard | expirationMonth | expirationYear | securityCode |
    | 2153665126555415 | Tek Test   | 2               | 2027           | 145          |
  And User click on Add your card button                                                     # tek.sdet.framework.steps.RetailAcountSteps.userClickOnAddYourCardButton()
  And User click on Place Your Order                                                         # tek.sdet.framework.steps.HomeSteps.userClickOnPlaceYourOrder()
  Then a message should be displayed â€˜Order Placed, Thanksâ€™                                  # tek.sdet.framework.steps.HomeSteps.aMessageShouldBeDisplayedOrderPlacedThanks()
]]></system-out>
    <system-err><![CDATA[Starting ChromeDriver 110.0.5481.77 (65ed616c6e8ee3fe0ad64fe83796c020644d42af-refs/branch-heads/5481@{#839}) on port 55336
Only local connections are allowed.
Please see https://chromedriver.chromium.org/security-considerations for suggestions on keeping ChromeDriver safe.
ChromeDriver was started successfully.
[1677548324.965][WARNING]: virtual void DevToolsClientImpl::AddListener(DevToolsEventListener *) subscribing a listener to the already connected DevToolsClient. Connection notification will not arrive.
Feb 27, 2023 8:38:44 PM org.openqa.selenium.remote.ProtocolHandshake createSession
INFO: Detected upstream dialect: W3C
Feb 27, 2023 8:38:44 PM org.openqa.selenium.devtools.CdpVersionFinder findNearestMatch
WARNING: Unable to find an exact match for CDP version 110, so returning the closest version found: a no-op implementation
Feb 27, 2023 8:38:44 PM org.openqa.selenium.devtools.CdpVersionFinder findNearestMatch
INFO: Unable to find CDP implementation matching 110.
Feb 27, 2023 8:38:44 PM org.openqa.selenium.chromium.ChromiumDriver lambda$new$3
WARNING: Unable to find version of CDP to use for . You may need to include a dependency on a specific version of the CDP using something similar to `org.seleniumhq.selenium:selenium-devtools-v86:4.4.0` where the version ("v86") matches the version of the chromium-based browser you're using and the version number of the artifact is the same as Selenium's.
]]></system-err>
  </testcase>
  <testcase name="Verify User can place an order with Shipping address and payment Method on file" classname="Retail Home Page" time="4.248">
    <error message="The step &apos;User is on retail website&apos; is undefined.&#10;You can implement this step using the snippet(s) below:&#10;&#10;@Given(&quot;User is on retail website&quot;)&#10;public void userIsOnRetailWebsite() {&#10;    // Write code here that turns the phrase above into concrete actions&#10;    throw new io.cucumber.java.PendingException();&#10;}&#10;" type="io.cucumber.junit.UndefinedStepException"><![CDATA[io.cucumber.junit.UndefinedStepException: 
The step 'User is on retail website' is undefined.
You can implement this step using the snippet(s) below:

@Given("User is on retail website")
public void userIsOnRetailWebsite() {
    // Write code here that turns the phrase above into concrete actions
    throw new io.cucumber.java.PendingException();
}

]]></error>
    <system-out><![CDATA[
@smokeTest
Scenario: Verify User can place an order with Shipping address and payment Method on file # features/Home.feature:66
  Given User is on retail website
  When User click on Sign in option                                                       # tek.sdet.framework.steps.SignInSteps.userClickOnSignInBtn()
  And User enter email 'saboor12@gmail.com' and password 'Tek@1234'                       # tek.sdet.framework.steps.SignInSteps.userEnterEmailAndPassword(java.lang.String,java.lang.String)
  When User click on login button                                                         # tek.sdet.framework.steps.SignInSteps.userClickOnLoginButton()
  And User should be logged in into Account                                               # tek.sdet.framework.steps.SignInSteps.userShouldBeLoggedInintoAccount()
  And User change the category to Electronics                                             # tek.sdet.framework.steps.HomeSteps.userChangeTheCategoryToElectronics()
  And User search for an item 'Apex Legends'                                              # tek.sdet.framework.steps.HomeSteps.userSearchForAnItem(java.lang.String)
  And User click on Search icon                                                           # tek.sdet.framework.steps.HomeSteps.userClickOnSearchIcon()
  And User click on item                                                                  # tek.sdet.framework.steps.HomeSteps.userClickOnItem()
  And User select quantity â€˜5â€™                                                            # tek.sdet.framework.steps.HomeSteps.userSelectQuantity(java.lang.Integer)
  And User click add to Cart button                                                       # tek.sdet.framework.steps.HomeSteps.userClickAddToCartButton()
  Then the cart icon quantity should change to â€˜5â€™                                        # tek.sdet.framework.steps.HomeSteps.theCartIconQuantityShouldChangeTo(java.lang.Integer)
  And User click on Cart option                                                           # tek.sdet.framework.steps.HomeSteps.userClickOnCartOption()
  And User click on Proceed to Checkout button                                            # tek.sdet.framework.steps.HomeSteps.userClickOnProceedToCheckoutButton()
  And User click on Place Your Order                                                      # tek.sdet.framework.steps.HomeSteps.userClickOnPlaceYourOrder()
  Then a message should be displayed â€˜Order Placed, Thanksâ€™                               # tek.sdet.framework.steps.HomeSteps.aMessageShouldBeDisplayedOrderPlacedThanks()
]]></system-out>
    <system-err><![CDATA[Starting ChromeDriver 110.0.5481.77 (65ed616c6e8ee3fe0ad64fe83796c020644d42af-refs/branch-heads/5481@{#839}) on port 61004
Only local connections are allowed.
Please see https://chromedriver.chromium.org/security-considerations for suggestions on keeping ChromeDriver safe.
ChromeDriver was started successfully.
[1677548329.295][WARNING]: virtual void DevToolsClientImpl::AddListener(DevToolsEventListener *) subscribing a listener to the already connected DevToolsClient. Connection notification will not arrive.
Feb 27, 2023 8:38:49 PM org.openqa.selenium.remote.ProtocolHandshake createSession
INFO: Detected upstream dialect: W3C
Feb 27, 2023 8:38:49 PM org.openqa.selenium.devtools.CdpVersionFinder findNearestMatch
WARNING: Unable to find an exact match for CDP version 110, so returning the closest version found: a no-op implementation
Feb 27, 2023 8:38:49 PM org.openqa.selenium.devtools.CdpVersionFinder findNearestMatch
INFO: Unable to find CDP implementation matching 110.
Feb 27, 2023 8:38:49 PM org.openqa.selenium.chromium.ChromiumDriver lambda$new$3
WARNING: Unable to find version of CDP to use for . You may need to include a dependency on a specific version of the CDP using something similar to `org.seleniumhq.selenium:selenium-devtools-v86:4.4.0` where the version ("v86") matches the version of the chromium-based browser you're using and the version number of the artifact is the same as Selenium's.
]]></system-err>
  </testcase>
  <testcase name="Verify User can update Profile Information" classname="Retail Account Page" time="4.384">
    <error message="The step &apos;User is on retail website&apos; is undefined.&#10;You can implement this step using the snippet(s) below:&#10;&#10;@Given(&quot;User is on retail website&quot;)&#10;public void userIsOnRetailWebsite() {&#10;    // Write code here that turns the phrase above into concrete actions&#10;    throw new io.cucumber.java.PendingException();&#10;}&#10;" type="io.cucumber.junit.UndefinedStepException"><![CDATA[io.cucumber.junit.UndefinedStepException: 
The step 'User is on retail website' is undefined.
You can implement this step using the snippet(s) below:

@Given("User is on retail website")
public void userIsOnRetailWebsite() {
    // Write code here that turns the phrase above into concrete actions
    throw new io.cucumber.java.PendingException();
}

]]></error>
    <system-out><![CDATA[
@smokeTest
Scenario: Verify User can update Profile Information                # features/RetailAccount.feature:13
  Given User is on retail website
  When User click on Sign in option                                 # tek.sdet.framework.steps.SignInSteps.userClickOnSignInBtn()
  And User enter email 'saboor12@gmail.com' and password 'Tek@1234' # tek.sdet.framework.steps.SignInSteps.userEnterEmailAndPassword(java.lang.String,java.lang.String)
  And User click on login button                                    # tek.sdet.framework.steps.SignInSteps.userClickOnLoginButton()
  And User should be logged in into Account                         # tek.sdet.framework.steps.SignInSteps.userShouldBeLoggedInintoAccount()
  And User click on Account option                                  # tek.sdet.framework.steps.RetailAcountSteps.user_click_on_account_option()
  And User update Name and Phone                                    # tek.sdet.framework.steps.RetailAcountSteps.userUpdateNameAndPhoneValue(io.cucumber.datatable.DataTable)
    | name    | phone number |
    | TestSab | 9193756658   |
  And User click on Update button                                   # tek.sdet.framework.steps.RetailAcountSteps.user_click_on_update_button()
  Then user profile information should be updated                   # tek.sdet.framework.steps.RetailAcountSteps.user_profile_information_should_be_updated()
]]></system-out>
    <system-err><![CDATA[Starting ChromeDriver 110.0.5481.77 (65ed616c6e8ee3fe0ad64fe83796c020644d42af-refs/branch-heads/5481@{#839}) on port 54313
Only local connections are allowed.
Please see https://chromedriver.chromium.org/security-considerations for suggestions on keeping ChromeDriver safe.
ChromeDriver was started successfully.
[1677548333.706][WARNING]: virtual void DevToolsClientImpl::AddListener(DevToolsEventListener *) subscribing a listener to the already connected DevToolsClient. Connection notification will not arrive.
Feb 27, 2023 8:38:53 PM org.openqa.selenium.remote.ProtocolHandshake createSession
INFO: Detected upstream dialect: W3C
Feb 27, 2023 8:38:53 PM org.openqa.selenium.devtools.CdpVersionFinder findNearestMatch
WARNING: Unable to find an exact match for CDP version 110, so returning the closest version found: a no-op implementation
Feb 27, 2023 8:38:53 PM org.openqa.selenium.devtools.CdpVersionFinder findNearestMatch
INFO: Unable to find CDP implementation matching 110.
Feb 27, 2023 8:38:53 PM org.openqa.selenium.chromium.ChromiumDriver lambda$new$3
WARNING: Unable to find version of CDP to use for . You may need to include a dependency on a specific version of the CDP using something similar to `org.seleniumhq.selenium:selenium-devtools-v86:4.4.0` where the version ("v86") matches the version of the chromium-based browser you're using and the version number of the artifact is the same as Selenium's.
]]></system-err>
  </testcase>
  <testcase name="Verify User can Update password" classname="Retail Account Page" time="4.088">
    <error message="The step &apos;User is on retail website&apos; and 1 other step(s) are undefined.&#10;You can implement these steps using the snippet(s) below:&#10;&#10;@Given(&quot;User is on retail website&quot;)&#10;public void userIsOnRetailWebsite() {&#10;    // Write code here that turns the phrase above into concrete actions&#10;    throw new io.cucumber.java.PendingException();&#10;}&#10;" type="io.cucumber.junit.UndefinedStepException"><![CDATA[io.cucumber.junit.UndefinedStepException: 
The step 'User is on retail website' and 1 other step(s) are undefined.
You can implement these steps using the snippet(s) below:

@Given("User is on retail website")
public void userIsOnRetailWebsite() {
    // Write code here that turns the phrase above into concrete actions
    throw new io.cucumber.java.PendingException();
}

]]></error>
    <system-out><![CDATA[
@smokeTest
Scenario: Verify User can Update password                                     # features/RetailAccount.feature:20
  Given User is on retail website
  When User click on Sign in option                                           # tek.sdet.framework.steps.SignInSteps.userClickOnSignInBtn()
  And User enter email 'saboor12@gmail.com' and password 'Tek@1234'           # tek.sdet.framework.steps.SignInSteps.userEnterEmailAndPassword(java.lang.String,java.lang.String)
  And User click on login button                                              # tek.sdet.framework.steps.SignInSteps.userClickOnLoginButton()
  And User should be logged in into Account                                   # tek.sdet.framework.steps.SignInSteps.userShouldBeLoggedInintoAccount()
  And User click on Account option                                            # tek.sdet.framework.steps.RetailAcountSteps.user_click_on_account_option()
  Given User is on retail website
  When User click on Sign in option                                           # tek.sdet.framework.steps.SignInSteps.userClickOnSignInBtn()
  And User enter email 'update.password@gmail.com' and password 'NewPass@123' # tek.sdet.framework.steps.SignInSteps.userEnterEmailAndPassword(java.lang.String,java.lang.String)
  When User enter below information                                           # tek.sdet.framework.steps.RetailAcountSteps.user_enter_below_information(io.cucumber.datatable.DataTable)
    | previousPassword | newPassword | confirmPassword |
    | NewPass@123      | Tek@1234    | Tek@1234        |
  And User click on Change Password button                                    # tek.sdet.framework.steps.RetailAcountSteps.user_click_on_change_password_button()
  Then a message should be displayed â€˜Password Updated Successfullyâ€™          # tek.sdet.framework.steps.RetailAcountSteps.a_message_should_be_displayed_password_updated_successfully()
]]></system-out>
    <system-err><![CDATA[Starting ChromeDriver 110.0.5481.77 (65ed616c6e8ee3fe0ad64fe83796c020644d42af-refs/branch-heads/5481@{#839}) on port 61184
Only local connections are allowed.
Please see https://chromedriver.chromium.org/security-considerations for suggestions on keeping ChromeDriver safe.
ChromeDriver was started successfully.
[1677548337.924][WARNING]: virtual void DevToolsClientImpl::AddListener(DevToolsEventListener *) subscribing a listener to the already connected DevToolsClient. Connection notification will not arrive.
Feb 27, 2023 8:38:58 PM org.openqa.selenium.remote.ProtocolHandshake createSession
INFO: Detected upstream dialect: W3C
Feb 27, 2023 8:38:58 PM org.openqa.selenium.devtools.CdpVersionFinder findNearestMatch
WARNING: Unable to find an exact match for CDP version 110, so returning the closest version found: a no-op implementation
Feb 27, 2023 8:38:58 PM org.openqa.selenium.devtools.CdpVersionFinder findNearestMatch
INFO: Unable to find CDP implementation matching 110.
Feb 27, 2023 8:38:58 PM org.openqa.selenium.chromium.ChromiumDriver lambda$new$3
WARNING: Unable to find version of CDP to use for . You may need to include a dependency on a specific version of the CDP using something similar to `org.seleniumhq.selenium:selenium-devtools-v86:4.4.0` where the version ("v86") matches the version of the chromium-based browser you're using and the version number of the artifact is the same as Selenium's.
]]></system-err>
  </testcase>
  <testcase name="Verify User can add a payment method" classname="Retail Account Page" time="4.104">
    <error message="The step &apos;User is on retail website&apos; is undefined.&#10;You can implement this step using the snippet(s) below:&#10;&#10;@Given(&quot;User is on retail website&quot;)&#10;public void userIsOnRetailWebsite() {&#10;    // Write code here that turns the phrase above into concrete actions&#10;    throw new io.cucumber.java.PendingException();&#10;}&#10;" type="io.cucumber.junit.UndefinedStepException"><![CDATA[io.cucumber.junit.UndefinedStepException: 
The step 'User is on retail website' is undefined.
You can implement this step using the snippet(s) below:

@Given("User is on retail website")
public void userIsOnRetailWebsite() {
    // Write code here that turns the phrase above into concrete actions
    throw new io.cucumber.java.PendingException();
}

]]></error>
    <system-out><![CDATA[
@smokeTest
Scenario: Verify User can add a payment method                           # features/RetailAccount.feature:31
  Given User is on retail website
  When User click on Sign in option                                      # tek.sdet.framework.steps.SignInSteps.userClickOnSignInBtn()
  And User enter email 'saboor12@gmail.com' and password 'Tek@1234'      # tek.sdet.framework.steps.SignInSteps.userEnterEmailAndPassword(java.lang.String,java.lang.String)
  And User click on login button                                         # tek.sdet.framework.steps.SignInSteps.userClickOnLoginButton()
  And User should be logged in into Account                              # tek.sdet.framework.steps.SignInSteps.userShouldBeLoggedInintoAccount()
  And User click on Account option                                       # tek.sdet.framework.steps.RetailAcountSteps.user_click_on_account_option()
  When User click on Add a payment method link                           # tek.sdet.framework.steps.RetailAcountSteps.userClickOnAddAPaymentMethodLink()
  And User fill Debit or credit card information                         # tek.sdet.framework.steps.RetailAcountSteps.userFillDebitOrCreditCardInformation(io.cucumber.datatable.DataTable)
    | cardNumber       | nameOnCard | expirationMonth | expirationYear | securityCode |
    | 5488726485473590 | TekTest    | 05              | 2024           | 452          |
  And User click on Add your card button                                 # tek.sdet.framework.steps.RetailAcountSteps.userClickOnAddYourCardButton()
  Then a message should be displayed â€˜Payment Method added successfullyâ€™ # tek.sdet.framework.steps.RetailAcountSteps.aMessageShouldBeDisplayedPaymentMethodAddedSuccessfully()
]]></system-out>
    <system-err><![CDATA[Starting ChromeDriver 110.0.5481.77 (65ed616c6e8ee3fe0ad64fe83796c020644d42af-refs/branch-heads/5481@{#839}) on port 65255
Only local connections are allowed.
Please see https://chromedriver.chromium.org/security-considerations for suggestions on keeping ChromeDriver safe.
ChromeDriver was started successfully.
[1677548342.080][WARNING]: virtual void DevToolsClientImpl::AddListener(DevToolsEventListener *) subscribing a listener to the already connected DevToolsClient. Connection notification will not arrive.
Feb 27, 2023 8:39:02 PM org.openqa.selenium.remote.ProtocolHandshake createSession
INFO: Detected upstream dialect: W3C
Feb 27, 2023 8:39:02 PM org.openqa.selenium.devtools.CdpVersionFinder findNearestMatch
WARNING: Unable to find an exact match for CDP version 110, so returning the closest version found: a no-op implementation
Feb 27, 2023 8:39:02 PM org.openqa.selenium.devtools.CdpVersionFinder findNearestMatch
INFO: Unable to find CDP implementation matching 110.
Feb 27, 2023 8:39:02 PM org.openqa.selenium.chromium.ChromiumDriver lambda$new$3
WARNING: Unable to find version of CDP to use for . You may need to include a dependency on a specific version of the CDP using something similar to `org.seleniumhq.selenium:selenium-devtools-v86:4.4.0` where the version ("v86") matches the version of the chromium-based browser you're using and the version number of the artifact is the same as Selenium's.
]]></system-err>
  </testcase>
  <testcase name="Verify User can edit Debit or Credit card" classname="Retail Account Page" time="4.337">
    <error message="The step &apos;User is on retail website&apos; is undefined.&#10;You can implement this step using the snippet(s) below:&#10;&#10;@Given(&quot;User is on retail website&quot;)&#10;public void userIsOnRetailWebsite() {&#10;    // Write code here that turns the phrase above into concrete actions&#10;    throw new io.cucumber.java.PendingException();&#10;}&#10;" type="io.cucumber.junit.UndefinedStepException"><![CDATA[io.cucumber.junit.UndefinedStepException: 
The step 'User is on retail website' is undefined.
You can implement this step using the snippet(s) below:

@Given("User is on retail website")
public void userIsOnRetailWebsite() {
    // Write code here that turns the phrase above into concrete actions
    throw new io.cucumber.java.PendingException();
}

]]></error>
    <system-out><![CDATA[
@smokeTest
Scenario: Verify User can edit Debit or Credit card                        # features/RetailAccount.feature:40
  Given User is on retail website
  When User click on Sign in option                                        # tek.sdet.framework.steps.SignInSteps.userClickOnSignInBtn()
  And User enter email 'saboor12@gmail.com' and password 'Tek@1234'        # tek.sdet.framework.steps.SignInSteps.userEnterEmailAndPassword(java.lang.String,java.lang.String)
  And User click on login button                                           # tek.sdet.framework.steps.SignInSteps.userClickOnLoginButton()
  And User should be logged in into Account                                # tek.sdet.framework.steps.SignInSteps.userShouldBeLoggedInintoAccount()
  And User click on Account option                                         # tek.sdet.framework.steps.RetailAcountSteps.user_click_on_account_option()
  When User click on Edit option of card section                           # tek.sdet.framework.steps.RetailAcountSteps.userClickOnEditOptionOfCardSection()
  And user edit information with below data                                # tek.sdet.framework.steps.RetailAcountSteps.userEditInformationWithBelowData(io.cucumber.datatable.DataTable)
    | cardNumber       | nameOnCard | expirationMonth | expirationYear | securityCode |
    | 5488726485479028 | TekCard    | 12              | 2026           | 644          |
  And user click on Update Your Card button                                # tek.sdet.framework.steps.RetailAcountSteps.userClickOnUpdateYourCardButton()
  Then a message should be displayed â€˜Payment Method updated Successfullyâ€™ # tek.sdet.framework.steps.RetailAcountSteps.aMessageShouldBeDisplayedPaymentMethodUpdatedSuccessfully()
]]></system-out>
    <system-err><![CDATA[Starting ChromeDriver 110.0.5481.77 (65ed616c6e8ee3fe0ad64fe83796c020644d42af-refs/branch-heads/5481@{#839}) on port 50427
Only local connections are allowed.
Please see https://chromedriver.chromium.org/security-considerations for suggestions on keeping ChromeDriver safe.
ChromeDriver was started successfully.
[1677548346.339][WARNING]: virtual void DevToolsClientImpl::AddListener(DevToolsEventListener *) subscribing a listener to the already connected DevToolsClient. Connection notification will not arrive.
Feb 27, 2023 8:39:06 PM org.openqa.selenium.remote.ProtocolHandshake createSession
INFO: Detected upstream dialect: W3C
Feb 27, 2023 8:39:06 PM org.openqa.selenium.devtools.CdpVersionFinder findNearestMatch
WARNING: Unable to find an exact match for CDP version 110, so returning the closest version found: a no-op implementation
Feb 27, 2023 8:39:06 PM org.openqa.selenium.devtools.CdpVersionFinder findNearestMatch
INFO: Unable to find CDP implementation matching 110.
Feb 27, 2023 8:39:06 PM org.openqa.selenium.chromium.ChromiumDriver lambda$new$3
WARNING: Unable to find version of CDP to use for . You may need to include a dependency on a specific version of the CDP using something similar to `org.seleniumhq.selenium:selenium-devtools-v86:4.4.0` where the version ("v86") matches the version of the chromium-based browser you're using and the version number of the artifact is the same as Selenium's.
]]></system-err>
  </testcase>
  <testcase name="Verify User can remove Debit or Credit card" classname="Retail Account Page" time="4.107">
    <error message="The step &apos;User is on retail website&apos; is undefined.&#10;You can implement this step using the snippet(s) below:&#10;&#10;@Given(&quot;User is on retail website&quot;)&#10;public void userIsOnRetailWebsite() {&#10;    // Write code here that turns the phrase above into concrete actions&#10;    throw new io.cucumber.java.PendingException();&#10;}&#10;" type="io.cucumber.junit.UndefinedStepException"><![CDATA[io.cucumber.junit.UndefinedStepException: 
The step 'User is on retail website' is undefined.
You can implement this step using the snippet(s) below:

@Given("User is on retail website")
public void userIsOnRetailWebsite() {
    // Write code here that turns the phrase above into concrete actions
    throw new io.cucumber.java.PendingException();
}

]]></error>
    <system-out><![CDATA[
@smokeTest
Scenario: Verify User can remove Debit or Credit card               # features/RetailAccount.feature:49
  Given User is on retail website
  When User click on Sign in option                                 # tek.sdet.framework.steps.SignInSteps.userClickOnSignInBtn()
  And User enter email 'saboor12@gmail.com' and password 'Tek@1234' # tek.sdet.framework.steps.SignInSteps.userEnterEmailAndPassword(java.lang.String,java.lang.String)
  And User click on login button                                    # tek.sdet.framework.steps.SignInSteps.userClickOnLoginButton()
  And User should be logged in into Account                         # tek.sdet.framework.steps.SignInSteps.userShouldBeLoggedInintoAccount()
  And User click on Account option                                  # tek.sdet.framework.steps.RetailAcountSteps.user_click_on_account_option()
  When User click on remove option of card section                  # tek.sdet.framework.steps.RetailAcountSteps.userClickOnRemoveOptionOfCardSection()
  Then payment details should be removed                            # tek.sdet.framework.steps.RetailAcountSteps.paymentDetailsShouldBeRemoved()
]]></system-out>
    <system-err><![CDATA[Starting ChromeDriver 110.0.5481.77 (65ed616c6e8ee3fe0ad64fe83796c020644d42af-refs/branch-heads/5481@{#839}) on port 51931
Only local connections are allowed.
Please see https://chromedriver.chromium.org/security-considerations for suggestions on keeping ChromeDriver safe.
ChromeDriver was started successfully.
[1677548350.437][WARNING]: virtual void DevToolsClientImpl::AddListener(DevToolsEventListener *) subscribing a listener to the already connected DevToolsClient. Connection notification will not arrive.
Feb 27, 2023 8:39:10 PM org.openqa.selenium.remote.ProtocolHandshake createSession
INFO: Detected upstream dialect: W3C
Feb 27, 2023 8:39:10 PM org.openqa.selenium.devtools.CdpVersionFinder findNearestMatch
WARNING: Unable to find an exact match for CDP version 110, so returning the closest version found: a no-op implementation
Feb 27, 2023 8:39:10 PM org.openqa.selenium.devtools.CdpVersionFinder findNearestMatch
INFO: Unable to find CDP implementation matching 110.
Feb 27, 2023 8:39:10 PM org.openqa.selenium.chromium.ChromiumDriver lambda$new$3
WARNING: Unable to find version of CDP to use for . You may need to include a dependency on a specific version of the CDP using something similar to `org.seleniumhq.selenium:selenium-devtools-v86:4.4.0` where the version ("v86") matches the version of the chromium-based browser you're using and the version number of the artifact is the same as Selenium's.
]]></system-err>
  </testcase>
  <testcase name="Verify User can add an Address" classname="Retail Account Page" time="4.156">
    <error message="The step &apos;User is on retail website&apos; is undefined.&#10;You can implement this step using the snippet(s) below:&#10;&#10;@Given(&quot;User is on retail website&quot;)&#10;public void userIsOnRetailWebsite() {&#10;    // Write code here that turns the phrase above into concrete actions&#10;    throw new io.cucumber.java.PendingException();&#10;}&#10;" type="io.cucumber.junit.UndefinedStepException"><![CDATA[io.cucumber.junit.UndefinedStepException: 
The step 'User is on retail website' is undefined.
You can implement this step using the snippet(s) below:

@Given("User is on retail website")
public void userIsOnRetailWebsite() {
    // Write code here that turns the phrase above into concrete actions
    throw new io.cucumber.java.PendingException();
}

]]></error>
    <system-out><![CDATA[
@smokeTest
Scenario: Verify User can add an Address                            # features/RetailAccount.feature:54
  Given User is on retail website
  When User click on Sign in option                                 # tek.sdet.framework.steps.SignInSteps.userClickOnSignInBtn()
  And User enter email 'saboor12@gmail.com' and password 'Tek@1234' # tek.sdet.framework.steps.SignInSteps.userEnterEmailAndPassword(java.lang.String,java.lang.String)
  And User click on login button                                    # tek.sdet.framework.steps.SignInSteps.userClickOnLoginButton()
  And User should be logged in into Account                         # tek.sdet.framework.steps.SignInSteps.userShouldBeLoggedInintoAccount()
  And User click on Account option                                  # tek.sdet.framework.steps.RetailAcountSteps.user_click_on_account_option()
  When User click on Add address option                             # tek.sdet.framework.steps.RetailAcountSteps.userClickOnAddAddressOption()
  And user fill new address form with below information             # tek.sdet.framework.steps.RetailAcountSteps.userFillNewAddressFormWithBelowInformation(io.cucumber.datatable.DataTable)
    | country | fullName | phoneNumber | streetAddress     | apt  | city       | state   | zipCode |
    | Canada  | TekTest  | 6472543165  | 201 Van Horne Ave | 1702 | North York | Ontario | 45875   |
  And User click Add Your Address button                            # tek.sdet.framework.steps.RetailAcountSteps.userClickAddYourAddressButton()
  Then a message should be displayed â€˜Address Added Successfullyâ€™   # tek.sdet.framework.steps.RetailAcountSteps.aMessageShouldBeDisplayedAddressAddedSuccessfully()
]]></system-out>
    <system-err><![CDATA[Starting ChromeDriver 110.0.5481.77 (65ed616c6e8ee3fe0ad64fe83796c020644d42af-refs/branch-heads/5481@{#839}) on port 62853
Only local connections are allowed.
Please see https://chromedriver.chromium.org/security-considerations for suggestions on keeping ChromeDriver safe.
ChromeDriver was started successfully.
[1677548354.746][WARNING]: virtual void DevToolsClientImpl::AddListener(DevToolsEventListener *) subscribing a listener to the already connected DevToolsClient. Connection notification will not arrive.
Feb 27, 2023 8:39:14 PM org.openqa.selenium.remote.ProtocolHandshake createSession
INFO: Detected upstream dialect: W3C
Feb 27, 2023 8:39:14 PM org.openqa.selenium.devtools.CdpVersionFinder findNearestMatch
WARNING: Unable to find an exact match for CDP version 110, so returning the closest version found: a no-op implementation
Feb 27, 2023 8:39:14 PM org.openqa.selenium.devtools.CdpVersionFinder findNearestMatch
INFO: Unable to find CDP implementation matching 110.
Feb 27, 2023 8:39:14 PM org.openqa.selenium.chromium.ChromiumDriver lambda$new$3
WARNING: Unable to find version of CDP to use for . You may need to include a dependency on a specific version of the CDP using something similar to `org.seleniumhq.selenium:selenium-devtools-v86:4.4.0` where the version ("v86") matches the version of the chromium-based browser you're using and the version number of the artifact is the same as Selenium's.
]]></system-err>
  </testcase>
  <testcase name="Verify User can edit an Address added on account" classname="Retail Account Page" time="4.217">
    <error message="The step &apos;User is on retail website&apos; is undefined.&#10;You can implement this step using the snippet(s) below:&#10;&#10;@Given(&quot;User is on retail website&quot;)&#10;public void userIsOnRetailWebsite() {&#10;    // Write code here that turns the phrase above into concrete actions&#10;    throw new io.cucumber.java.PendingException();&#10;}&#10;" type="io.cucumber.junit.UndefinedStepException"><![CDATA[io.cucumber.junit.UndefinedStepException: 
The step 'User is on retail website' is undefined.
You can implement this step using the snippet(s) below:

@Given("User is on retail website")
public void userIsOnRetailWebsite() {
    // Write code here that turns the phrase above into concrete actions
    throw new io.cucumber.java.PendingException();
}

]]></error>
    <system-out><![CDATA[
@smokeTest
Scenario: Verify User can edit an Address added on account          # features/RetailAccount.feature:63
  Given User is on retail website
  When User click on Sign in option                                 # tek.sdet.framework.steps.SignInSteps.userClickOnSignInBtn()
  And User enter email 'saboor12@gmail.com' and password 'Tek@1234' # tek.sdet.framework.steps.SignInSteps.userEnterEmailAndPassword(java.lang.String,java.lang.String)
  And User click on login button                                    # tek.sdet.framework.steps.SignInSteps.userClickOnLoginButton()
  And User should be logged in into Account                         # tek.sdet.framework.steps.SignInSteps.userShouldBeLoggedInintoAccount()
  And User click on Account option                                  # tek.sdet.framework.steps.RetailAcountSteps.user_click_on_account_option()
  When User click on Account option                                 # tek.sdet.framework.steps.RetailAcountSteps.user_click_on_account_option()
  And User click on edit address option                             # tek.sdet.framework.steps.RetailAcountSteps.userClickOnEditAddressOption()
  And user fill new address form with below information             # tek.sdet.framework.steps.RetailAcountSteps.userFillNewAddressFormWithBelowInformation(io.cucumber.datatable.DataTable)
    | country       | fullName | phoneNumber | streetAddress          | apt | city    | state    | zipCode |
    | United States | NewTest  | 6478154758  | 1383 victoria park ave | 147 | Toronto | New York | 54857   |
  And User click update Your Address button                         # tek.sdet.framework.steps.RetailAcountSteps.userClickUpdateYourAddressButton()
  Then a message should be displayed â€˜Address Updated Successfullyâ€™ # tek.sdet.framework.steps.RetailAcountSteps.aMessageShouldBeDisplayedAddressUpdatedSuccessfully()
]]></system-out>
    <system-err><![CDATA[Starting ChromeDriver 110.0.5481.77 (65ed616c6e8ee3fe0ad64fe83796c020644d42af-refs/branch-heads/5481@{#839}) on port 63038
Only local connections are allowed.
Please see https://chromedriver.chromium.org/security-considerations for suggestions on keeping ChromeDriver safe.
ChromeDriver was started successfully.
[1677548358.814][WARNING]: virtual void DevToolsClientImpl::AddListener(DevToolsEventListener *) subscribing a listener to the already connected DevToolsClient. Connection notification will not arrive.
Feb 27, 2023 8:39:18 PM org.openqa.selenium.remote.ProtocolHandshake createSession
INFO: Detected upstream dialect: W3C
Feb 27, 2023 8:39:18 PM org.openqa.selenium.devtools.CdpVersionFinder findNearestMatch
WARNING: Unable to find an exact match for CDP version 110, so returning the closest version found: a no-op implementation
Feb 27, 2023 8:39:18 PM org.openqa.selenium.devtools.CdpVersionFinder findNearestMatch
INFO: Unable to find CDP implementation matching 110.
Feb 27, 2023 8:39:18 PM org.openqa.selenium.chromium.ChromiumDriver lambda$new$3
WARNING: Unable to find version of CDP to use for . You may need to include a dependency on a specific version of the CDP using something similar to `org.seleniumhq.selenium:selenium-devtools-v86:4.4.0` where the version ("v86") matches the version of the chromium-based browser you're using and the version number of the artifact is the same as Selenium's.
]]></system-err>
  </testcase>
  <testcase name="Verify User can remove Address from Account" classname="Retail Account Page" time="4.776">
    <error message="The step &apos;User is on retail website&apos; is undefined.&#10;You can implement this step using the snippet(s) below:&#10;&#10;@Given(&quot;User is on retail website&quot;)&#10;public void userIsOnRetailWebsite() {&#10;    // Write code here that turns the phrase above into concrete actions&#10;    throw new io.cucumber.java.PendingException();&#10;}&#10;" type="io.cucumber.junit.UndefinedStepException"><![CDATA[io.cucumber.junit.UndefinedStepException: 
The step 'User is on retail website' is undefined.
You can implement this step using the snippet(s) below:

@Given("User is on retail website")
public void userIsOnRetailWebsite() {
    // Write code here that turns the phrase above into concrete actions
    throw new io.cucumber.java.PendingException();
}

]]></error>
    <system-out><![CDATA[
@smokeTest
Scenario: Verify User can remove Address from Account               # features/RetailAccount.feature:73
  Given User is on retail website
  When User click on Sign in option                                 # tek.sdet.framework.steps.SignInSteps.userClickOnSignInBtn()
  And User enter email 'saboor12@gmail.com' and password 'Tek@1234' # tek.sdet.framework.steps.SignInSteps.userEnterEmailAndPassword(java.lang.String,java.lang.String)
  And User click on login button                                    # tek.sdet.framework.steps.SignInSteps.userClickOnLoginButton()
  And User should be logged in into Account                         # tek.sdet.framework.steps.SignInSteps.userShouldBeLoggedInintoAccount()
  And User click on Account option                                  # tek.sdet.framework.steps.RetailAcountSteps.user_click_on_account_option()
  When User click on Account option                                 # tek.sdet.framework.steps.RetailAcountSteps.user_click_on_account_option()
  And User click on remove option of Address section                # tek.sdet.framework.steps.RetailAcountSteps.userClickOnRemoveOptionOfAddressSection()
  Then Address details should be removed                            # tek.sdet.framework.steps.RetailAcountSteps.addressDetailsShouldBeRemoved()
]]></system-out>
    <system-err><![CDATA[Starting ChromeDriver 110.0.5481.77 (65ed616c6e8ee3fe0ad64fe83796c020644d42af-refs/branch-heads/5481@{#839}) on port 63056
Only local connections are allowed.
Please see https://chromedriver.chromium.org/security-considerations for suggestions on keeping ChromeDriver safe.
ChromeDriver was started successfully.
[1677548362.958][WARNING]: virtual void DevToolsClientImpl::AddListener(DevToolsEventListener *) subscribing a listener to the already connected DevToolsClient. Connection notification will not arrive.
Feb 27, 2023 8:39:22 PM org.openqa.selenium.remote.ProtocolHandshake createSession
INFO: Detected upstream dialect: W3C
Feb 27, 2023 8:39:23 PM org.openqa.selenium.devtools.CdpVersionFinder findNearestMatch
WARNING: Unable to find an exact match for CDP version 110, so returning the closest version found: a no-op implementation
Feb 27, 2023 8:39:23 PM org.openqa.selenium.devtools.CdpVersionFinder findNearestMatch
INFO: Unable to find CDP implementation matching 110.
Feb 27, 2023 8:39:23 PM org.openqa.selenium.chromium.ChromiumDriver lambda$new$3
WARNING: Unable to find version of CDP to use for . You may need to include a dependency on a specific version of the CDP using something similar to `org.seleniumhq.selenium:selenium-devtools-v86:4.4.0` where the version ("v86") matches the version of the chromium-based browser you're using and the version number of the artifact is the same as Selenium's.
]]></system-err>
  </testcase>
  <testcase name="Verify User can cancel the order" classname="Retail Order Page" time="5.429">
    <error message="The step &apos;User is on retail website&apos; is undefined.&#10;You can implement this step using the snippet(s) below:&#10;&#10;@Given(&quot;User is on retail website&quot;)&#10;public void userIsOnRetailWebsite() {&#10;    // Write code here that turns the phrase above into concrete actions&#10;    throw new io.cucumber.java.PendingException();&#10;}&#10;" type="io.cucumber.junit.UndefinedStepException"><![CDATA[io.cucumber.junit.UndefinedStepException: 
The step 'User is on retail website' is undefined.
You can implement this step using the snippet(s) below:

@Given("User is on retail website")
public void userIsOnRetailWebsite() {
    // Write code here that turns the phrase above into concrete actions
    throw new io.cucumber.java.PendingException();
}

]]></error>
    <system-out><![CDATA[
@smokeTest
Scenario: Verify User can cancel the order                                       # features/RetailOrder.feature:4
  Given User is on retail website
  When User click on Sign in option                                              # tek.sdet.framework.steps.SignInSteps.userClickOnSignInBtn()
  And User enter email 'saboor12@gmail.com' and password 'Tek@1234'              # tek.sdet.framework.steps.SignInSteps.userEnterEmailAndPassword(java.lang.String,java.lang.String)
  And User click on login button                                                 # tek.sdet.framework.steps.SignInSteps.userClickOnLoginButton()
  And User should be logged in into Account                                      # tek.sdet.framework.steps.SignInSteps.userShouldBeLoggedInintoAccount()
  And User click on Orders section                                               # tek.sdet.framework.steps.RetailOrderSteps.userClickOnOrdersSection()
  And User click on first order in list                                          # tek.sdet.framework.steps.RetailOrderSteps.userClickOnFirstOrderInList()
  And User click on Cancel The Order button                                      # tek.sdet.framework.steps.RetailOrderSteps.userClickOnCancelTheOrderButton()
  And User select the cancelation Reason â€˜Bought wrong itemâ€™                     # tek.sdet.framework.steps.RetailOrderSteps.userSelectTheCancelationReasonBoughtWrongItem()
  And User click on Cancel Order button                                          # tek.sdet.framework.steps.RetailOrderSteps.userClickOnCancelOrderButton()
  Then a cancelation message should be displayed â€˜Your Order Has Been Cancelledâ€™ # tek.sdet.framework.steps.RetailOrderSteps.aCancelationMessageShouldBeDisplayedYourOrderHasBeenCancelled()
]]></system-out>
    <system-err><![CDATA[Starting ChromeDriver 110.0.5481.77 (65ed616c6e8ee3fe0ad64fe83796c020644d42af-refs/branch-heads/5481@{#839}) on port 58953
Only local connections are allowed.
Please see https://chromedriver.chromium.org/security-considerations for suggestions on keeping ChromeDriver safe.
ChromeDriver was started successfully.
[1677548367.690][WARNING]: virtual void DevToolsClientImpl::AddListener(DevToolsEventListener *) subscribing a listener to the already connected DevToolsClient. Connection notification will not arrive.
Feb 27, 2023 8:39:27 PM org.openqa.selenium.remote.ProtocolHandshake createSession
INFO: Detected upstream dialect: W3C
Feb 27, 2023 8:39:27 PM org.openqa.selenium.devtools.CdpVersionFinder findNearestMatch
WARNING: Unable to find an exact match for CDP version 110, so returning the closest version found: a no-op implementation
Feb 27, 2023 8:39:27 PM org.openqa.selenium.devtools.CdpVersionFinder findNearestMatch
INFO: Unable to find CDP implementation matching 110.
Feb 27, 2023 8:39:27 PM org.openqa.selenium.chromium.ChromiumDriver lambda$new$3
WARNING: Unable to find version of CDP to use for . You may need to include a dependency on a specific version of the CDP using something similar to `org.seleniumhq.selenium:selenium-devtools-v86:4.4.0` where the version ("v86") matches the version of the chromium-based browser you're using and the version number of the artifact is the same as Selenium's.
]]></system-err>
  </testcase>
  <testcase name="Verify User can Return the order" classname="Retail Order Page" time="5.21">
    <error message="The step &apos;User is on retail website&apos; is undefined.&#10;You can implement this step using the snippet(s) below:&#10;&#10;@Given(&quot;User is on retail website&quot;)&#10;public void userIsOnRetailWebsite() {&#10;    // Write code here that turns the phrase above into concrete actions&#10;    throw new io.cucumber.java.PendingException();&#10;}&#10;" type="io.cucumber.junit.UndefinedStepException"><![CDATA[io.cucumber.junit.UndefinedStepException: 
The step 'User is on retail website' is undefined.
You can implement this step using the snippet(s) below:

@Given("User is on retail website")
public void userIsOnRetailWebsite() {
    // Write code here that turns the phrase above into concrete actions
    throw new io.cucumber.java.PendingException();
}

]]></error>
    <system-out><![CDATA[
@smokeTest
Scenario: Verify User can Return the order                               # features/RetailOrder.feature:17
  Given User is on retail website
  When User click on Sign in option                                      # tek.sdet.framework.steps.SignInSteps.userClickOnSignInBtn()
  And User enter email 'saboor12@gmail.com' and password 'Tek@1234'      # tek.sdet.framework.steps.SignInSteps.userEnterEmailAndPassword(java.lang.String,java.lang.String)
  And User click on login button                                         # tek.sdet.framework.steps.SignInSteps.userClickOnLoginButton()
  And User should be logged in into Account                              # tek.sdet.framework.steps.SignInSteps.userShouldBeLoggedInintoAccount()
  And User click on Orders section                                       # tek.sdet.framework.steps.RetailOrderSteps.userClickOnOrdersSection()
  And User click on first order in list                                  # tek.sdet.framework.steps.RetailOrderSteps.userClickOnFirstOrderInList()
  And User click on Return Items button                                  # tek.sdet.framework.steps.RetailOrderSteps.userClickOnReturnItemsButton()
  And User select the Return Reason â€˜Item damagedâ€™                       # tek.sdet.framework.steps.RetailOrderSteps.userSelectTheReturnReasonItemDamaged()
  And User select the drop off service â€˜FedExâ€™                           # tek.sdet.framework.steps.RetailOrderSteps.userSelectTheDropOffServiceFedEx()
  And User click on Return Order button                                  # tek.sdet.framework.steps.RetailOrderSteps.userClickOnReturnOrderButton()
  Then a cancelation message should be displayed â€˜Return was successfulâ€™ # tek.sdet.framework.steps.RetailOrderSteps.aCancelationMessageShouldBeDisplayedReturnWasSuccessful()
]]></system-out>
    <system-err><![CDATA[Starting ChromeDriver 110.0.5481.77 (65ed616c6e8ee3fe0ad64fe83796c020644d42af-refs/branch-heads/5481@{#839}) on port 59037
Only local connections are allowed.
Please see https://chromedriver.chromium.org/security-considerations for suggestions on keeping ChromeDriver safe.
ChromeDriver was started successfully.
[1677548373.074][WARNING]: virtual void DevToolsClientImpl::AddListener(DevToolsEventListener *) subscribing a listener to the already connected DevToolsClient. Connection notification will not arrive.
Feb 27, 2023 8:39:33 PM org.openqa.selenium.remote.ProtocolHandshake createSession
INFO: Detected upstream dialect: W3C
Feb 27, 2023 8:39:33 PM org.openqa.selenium.devtools.CdpVersionFinder findNearestMatch
WARNING: Unable to find an exact match for CDP version 110, so returning the closest version found: a no-op implementation
Feb 27, 2023 8:39:33 PM org.openqa.selenium.devtools.CdpVersionFinder findNearestMatch
INFO: Unable to find CDP implementation matching 110.
Feb 27, 2023 8:39:33 PM org.openqa.selenium.chromium.ChromiumDriver lambda$new$3
WARNING: Unable to find version of CDP to use for . You may need to include a dependency on a specific version of the CDP using something similar to `org.seleniumhq.selenium:selenium-devtools-v86:4.4.0` where the version ("v86") matches the version of the chromium-based browser you're using and the version number of the artifact is the same as Selenium's.
]]></system-err>
  </testcase>
  <testcase name="Verify User can write a review on order placed" classname="Retail Order Page" time="4.154">
    <error message="The step &apos;User is on retail website&apos; is undefined.&#10;You can implement this step using the snippet(s) below:&#10;&#10;@Given(&quot;User is on retail website&quot;)&#10;public void userIsOnRetailWebsite() {&#10;    // Write code here that turns the phrase above into concrete actions&#10;    throw new io.cucumber.java.PendingException();&#10;}&#10;" type="io.cucumber.junit.UndefinedStepException"><![CDATA[io.cucumber.junit.UndefinedStepException: 
The step 'User is on retail website' is undefined.
You can implement this step using the snippet(s) below:

@Given("User is on retail website")
public void userIsOnRetailWebsite() {
    // Write code here that turns the phrase above into concrete actions
    throw new io.cucumber.java.PendingException();
}

]]></error>
    <system-out><![CDATA[
@smokeTest
Scenario: Verify User can write a review on order placed                                # features/RetailOrder.feature:31
  Given User is on retail website
  When User click on Sign in option                                                     # tek.sdet.framework.steps.SignInSteps.userClickOnSignInBtn()
  And User enter email 'saboor12@gmail.com' and password 'Tek@1234'                     # tek.sdet.framework.steps.SignInSteps.userEnterEmailAndPassword(java.lang.String,java.lang.String)
  And User click on login button                                                        # tek.sdet.framework.steps.SignInSteps.userClickOnLoginButton()
  And User should be logged in into Account                                             # tek.sdet.framework.steps.SignInSteps.userShouldBeLoggedInintoAccount()
  And User click on Orders section                                                      # tek.sdet.framework.steps.RetailOrderSteps.userClickOnOrdersSection()
  And User click on first order in list                                                 # tek.sdet.framework.steps.RetailOrderSteps.userClickOnFirstOrderInList()
  And User click on Review button                                                       # tek.sdet.framework.steps.RetailOrderSteps.userClickOnReviewButton()
  And User write Review headline 'Quality is Beyond Expectation' and 'Worth the money!' # tek.sdet.framework.steps.RetailOrderSteps.userWriteReviewHeadlineHeadlineValueAndReviewText(java.lang.String,java.lang.String)
  And User click Add your Review button                                                 # tek.sdet.framework.steps.RetailOrderSteps.userClickAddYourReviewButton()
  Then a review message should be displayed â€˜Your review was added successfullyâ€™        # tek.sdet.framework.steps.RetailOrderSteps.aReviewMessageShouldBeDisplayedYourReviewWasAddedSuccessfully()
]]></system-out>
    <system-err><![CDATA[Starting ChromeDriver 110.0.5481.77 (65ed616c6e8ee3fe0ad64fe83796c020644d42af-refs/branch-heads/5481@{#839}) on port 61926
Only local connections are allowed.
Please see https://chromedriver.chromium.org/security-considerations for suggestions on keeping ChromeDriver safe.
ChromeDriver was started successfully.
[1677548378.516][WARNING]: virtual void DevToolsClientImpl::AddListener(DevToolsEventListener *) subscribing a listener to the already connected DevToolsClient. Connection notification will not arrive.
Feb 27, 2023 8:39:38 PM org.openqa.selenium.remote.ProtocolHandshake createSession
INFO: Detected upstream dialect: W3C
Feb 27, 2023 8:39:38 PM org.openqa.selenium.devtools.CdpVersionFinder findNearestMatch
WARNING: Unable to find an exact match for CDP version 110, so returning the closest version found: a no-op implementation
Feb 27, 2023 8:39:38 PM org.openqa.selenium.devtools.CdpVersionFinder findNearestMatch
INFO: Unable to find CDP implementation matching 110.
Feb 27, 2023 8:39:38 PM org.openqa.selenium.chromium.ChromiumDriver lambda$new$3
WARNING: Unable to find version of CDP to use for . You may need to include a dependency on a specific version of the CDP using something similar to `org.seleniumhq.selenium:selenium-devtools-v86:4.4.0` where the version ("v86") matches the version of the chromium-based browser you're using and the version number of the artifact is the same as Selenium's.
]]></system-err>
  </testcase>
  <testcase name="Verify user can sign in into Retail Application" classname="Sign in Feature" time="4.363">
    <error message="The step &apos;User is on retail website&apos; is undefined.&#10;You can implement this step using the snippet(s) below:&#10;&#10;@Given(&quot;User is on retail website&quot;)&#10;public void userIsOnRetailWebsite() {&#10;    // Write code here that turns the phrase above into concrete actions&#10;    throw new io.cucumber.java.PendingException();&#10;}&#10;" type="io.cucumber.junit.UndefinedStepException"><![CDATA[io.cucumber.junit.UndefinedStepException: 
The step 'User is on retail website' is undefined.
You can implement this step using the snippet(s) below:

@Given("User is on retail website")
public void userIsOnRetailWebsite() {
    // Write code here that turns the phrase above into concrete actions
    throw new io.cucumber.java.PendingException();
}

]]></error>
    <system-out><![CDATA[
@smokeTest
Scenario: Verify user can sign in into Retail Application           # features/SignIn.feature:5
  Given User is on retail website
  When User click on Sign in option                                 # tek.sdet.framework.steps.SignInSteps.userClickOnSignInBtn()
  And User enter email 'saboor12@gmail.com' and password 'Tek@1234' # tek.sdet.framework.steps.SignInSteps.userEnterEmailAndPassword(java.lang.String,java.lang.String)
  And User click on login button                                    # tek.sdet.framework.steps.SignInSteps.userClickOnLoginButton()
  Then User should be logged in into Account                        # tek.sdet.framework.steps.SignInSteps.userShouldBeLoggedInintoAccount()
]]></system-out>
    <system-err><![CDATA[Starting ChromeDriver 110.0.5481.77 (65ed616c6e8ee3fe0ad64fe83796c020644d42af-refs/branch-heads/5481@{#839}) on port 51407
Only local connections are allowed.
Please see https://chromedriver.chromium.org/security-considerations for suggestions on keeping ChromeDriver safe.
ChromeDriver was started successfully.
[1677548382.708][WARNING]: virtual void DevToolsClientImpl::AddListener(DevToolsEventListener *) subscribing a listener to the already connected DevToolsClient. Connection notification will not arrive.
Feb 27, 2023 8:39:42 PM org.openqa.selenium.remote.ProtocolHandshake createSession
INFO: Detected upstream dialect: W3C
Feb 27, 2023 8:39:42 PM org.openqa.selenium.devtools.CdpVersionFinder findNearestMatch
WARNING: Unable to find an exact match for CDP version 110, so returning the closest version found: a no-op implementation
Feb 27, 2023 8:39:42 PM org.openqa.selenium.devtools.CdpVersionFinder findNearestMatch
INFO: Unable to find CDP implementation matching 110.
Feb 27, 2023 8:39:42 PM org.openqa.selenium.chromium.ChromiumDriver lambda$new$3
WARNING: Unable to find version of CDP to use for . You may need to include a dependency on a specific version of the CDP using something similar to `org.seleniumhq.selenium:selenium-devtools-v86:4.4.0` where the version ("v86") matches the version of the chromium-based browser you're using and the version number of the artifact is the same as Selenium's.
]]></system-err>
  </testcase>
  <testcase name="Verify user can create an acount into Retail website" classname="Sign in Feature" time="4.702">
    <error message="The step &apos;User is on retail website&apos; is undefined.&#10;You can implement this step using the snippet(s) below:&#10;&#10;@Given(&quot;User is on retail website&quot;)&#10;public void userIsOnRetailWebsite() {&#10;    // Write code here that turns the phrase above into concrete actions&#10;    throw new io.cucumber.java.PendingException();&#10;}&#10;" type="io.cucumber.junit.UndefinedStepException"><![CDATA[io.cucumber.junit.UndefinedStepException: 
The step 'User is on retail website' is undefined.
You can implement this step using the snippet(s) below:

@Given("User is on retail website")
public void userIsOnRetailWebsite() {
    // Write code here that turns the phrase above into concrete actions
    throw new io.cucumber.java.PendingException();
}

]]></error>
    <system-out><![CDATA[
@smokeTest
Scenario: Verify user can create an acount into Retail website # features/SignIn.feature:13
  Given User is on retail website
  When User click on Sign in option                            # tek.sdet.framework.steps.SignInSteps.userClickOnSignInBtn()
  And User click on create New Account button                  # tek.sdet.framework.steps.SignInSteps.userClickOnCreateNewAccountButton()
  And User fill the signUp information with below data         # tek.sdet.framework.steps.SignInSteps.userFillTheSignUpInformationWithBelowData(io.cucumber.datatable.DataTable)
    | name | email                | password  | confirmPassword |
    | test | test.sab25@gmail.com | Tek@12345 | Tek@12345       |
  And User click on SignUp button                              # tek.sdet.framework.steps.SignInSteps.userClickOnSignUpButton()
  Then User should be logged into account page                 # tek.sdet.framework.steps.SignInSteps.userShouldBeLoggedIntoAccountPage()
]]></system-out>
    <system-err><![CDATA[Starting ChromeDriver 110.0.5481.77 (65ed616c6e8ee3fe0ad64fe83796c020644d42af-refs/branch-heads/5481@{#839}) on port 49475
Only local connections are allowed.
Please see https://chromedriver.chromium.org/security-considerations for suggestions on keeping ChromeDriver safe.
ChromeDriver was started successfully.
[1677548386.820][WARNING]: virtual void DevToolsClientImpl::AddListener(DevToolsEventListener *) subscribing a listener to the already connected DevToolsClient. Connection notification will not arrive.
Feb 27, 2023 8:39:46 PM org.openqa.selenium.remote.ProtocolHandshake createSession
INFO: Detected upstream dialect: W3C
Feb 27, 2023 8:39:46 PM org.openqa.selenium.devtools.CdpVersionFinder findNearestMatch
WARNING: Unable to find an exact match for CDP version 110, so returning the closest version found: a no-op implementation
Feb 27, 2023 8:39:46 PM org.openqa.selenium.devtools.CdpVersionFinder findNearestMatch
INFO: Unable to find CDP implementation matching 110.
Feb 27, 2023 8:39:46 PM org.openqa.selenium.chromium.ChromiumDriver lambda$new$3
WARNING: Unable to find version of CDP to use for . You may need to include a dependency on a specific version of the CDP using something similar to `org.seleniumhq.selenium:selenium-devtools-v86:4.4.0` where the version ("v86") matches the version of the chromium-based browser you're using and the version number of the artifact is the same as Selenium's.
]]></system-err>
  </testcase>
</testsuite>